#
# A fatal error has been detected by the Java Runtime Environment:
#
#  SIGBUS (0xa) at pc=0x000000010c1694f0, pid=12206, tid=29967
#
# JRE version: OpenJDK Runtime Environment (17.0.1+12) (build 17.0.1+12-39)
# Java VM: OpenJDK 64-Bit Server VM (17.0.1+12-39, mixed mode, sharing, tiered, compressed oops, compressed class ptrs, g1 gc, bsd-aarch64)
# Problematic frame:
# v  ~StubRoutines::SafeFetchN
#
# No core dump will be written. Core dumps have been disabled. To enable core dumping, try "ulimit -c unlimited" before starting Java again
#
# If you would like to submit a bug report, please visit:
#   https://bugreport.java.com/bugreport/crash.jsp
# The crash happened outside the Java Virtual Machine in native code.
# See problematic frame for where to report the bug.
#

---------------  S U M M A R Y ------------

Command Line: -Djava.library.path=/Users/aleksandrefremov/Desktop/javafx-sdk-17.0.1/lib -javaagent:/Applications/IntelliJ IDEA CE.app/Contents/lib/idea_rt.jar=55320:/Applications/IntelliJ IDEA CE.app/Contents/bin -Dfile.encoding=UTF-8 --module-path=/Users/aleksandrefremov/.m2/repository/org/openjfx/javafx-fxml/17.0.1/javafx-fxml-17.0.1-mac-aarch64.jar:/Users/aleksandrefremov/Desktop/javafx-sdk-17.0.1/lib/javafx.fxml.jar:/Users/aleksandrefremov/.m2/repository/org/openjfx/javafx-base/17.0.1/javafx-base-17.0.1-mac-aarch64.jar:/Users/aleksandrefremov/Desktop/javafx-sdk-17.0.1/lib/javafx.base.jar:/Users/aleksandrefremov/.m2/repository/org/openjfx/javafx-graphics/17.0.1/javafx-graphics-17.0.1-mac-aarch64.jar:/Users/aleksandrefremov/Desktop/javafx-sdk-17.0.1/lib/javafx.graphics.jar:/Users/aleksandrefremov/.m2/repository/org/openjfx/javafx-controls/17.0.1/javafx-controls-17.0.1-mac-aarch64.jar:/Users/aleksandrefremov/Desktop/javafx-sdk-17.0.1/lib/javafx.controls.jar:/Users/aleksandrefremov/Desktop/KURS/target/classes -Djdk.module.main=com.example.kurs com.example.kurs/com.example.kurs.HelloApplication

Host: "MacBookAir10,1" arm64 1 MHz, 8 cores, 8G, Darwin 21.1.0, macOS 12.0.1 (21A559)
Time: Thu Jan 13 23:02:13 2022 +07 elapsed time: 43.557521 seconds (0d 0h 0m 43s)

---------------  T H R E A D  ---------------

Current thread (0x00000001462c8400):  JavaThread "InvokeLaterDispatcher" daemon [_thread_in_native, id=29967, stack(0x0000000178210000,0x0000000178413000)]

Stack: [0x0000000178210000,0x0000000178413000],  sp=0x00000001784127a0,  free space=2057k
Native frames: (J=compiled Java code, j=interpreted, Vv=VM code, C=native code)
v  ~StubRoutines::SafeFetchN
V  [libjvm.dylib+0x7a068c]  _ZN10OopStorage7releaseEPKP7oopDesc+0x20
V  [libjvm.dylib+0x4b98c4]  jni_DeleteGlobalRef+0xd8
C  [libglass.dylib+0xab08]  -[GlassRunnable dealloc]+0x34
C  [Foundation+0x85e0c]  -[_NSThreadPerformInfo dealloc]+0x30
C  [Foundation+0x525e8]  -[NSObject(NSThreadPerformAdditions) performSelectorOnMainThread:withObject:waitUntilDone:]+0x88
C  0x922d800113cbe34c
J 1900 c1 com.sun.glass.ui.mac.MacApplication.submitForLaterInvocation(Ljava/lang/Runnable;)V javafx.graphics (6 bytes) @ 0x000000010ca519d8 [0x000000010ca51940+0x0000000000000098]
C  0x000000078680ac18

Java frames: (J=compiled Java code, j=interpreted, Vv=VM code)
J 1901  com.sun.glass.ui.mac.MacApplication._submitForLaterInvocation(Ljava/lang/Runnable;)V javafx.graphics (0 bytes) @ 0x0000000113cbe34c [0x0000000113cbe2c0+0x000000000000008c]
J 1900 c1 com.sun.glass.ui.mac.MacApplication.submitForLaterInvocation(Ljava/lang/Runnable;)V javafx.graphics (6 bytes) @ 0x000000010ca519d8 [0x000000010ca51940+0x0000000000000098]
j  com.sun.glass.ui.InvokeLaterDispatcher.run()V+82 javafx.graphics
v  ~StubRoutines::call_stub

siginfo: si_signo: 10 (SIGBUS), si_code: 1 (BUS_ADRALN), si_addr: 0x000000010c1694f0

Register to memory mapping:

 x0=0x0000000145f083c8 is a global jni handle
 x1=0x0 is NULL
 x2=0x0000000785a12598 is an oop: com.sun.glass.ui.InvokeLaterDispatcher$Future 
{0x0000000785a12598} - klass: 'com/sun/glass/ui/InvokeLaterDispatcher$Future'
 - ---- fields (total size 3 words):
 - private 'done' 'Z' @12  true
 - private final 'runnable' 'Ljava/lang/Runnable;' @16  a 'com/sun/javafx/tk/quantum/QuantumToolkit$$Lambda$85+0x0000000800c39200'{0x000000078673bc10} (f0ce7782)
 - final synthetic 'this$0' 'Lcom/sun/glass/ui/InvokeLaterDispatcher;' @20  a 'com/sun/glass/ui/InvokeLaterDispatcher'{0x000000078680ac18} (f0d01583)
 x3=0x0 is NULL
 x4=0x00000000000130a8 is an unknown value
 x5=0x0 is NULL
 x6=0x0 is NULL
 x7=0x0 is NULL
 x8=0x000000010c1694ec is at begin+0 in a stub
StubRoutines::SafeFetchN [0x000000010c1694ec, 0x000000010c1694f8] (12 bytes)
 x9=0x0 is NULL
x10=0x2010000030300000 is an unknown value
x11=0x0000000000000007 is an unknown value
x12=0x0 is NULL
x13=0x000060000023e870 points into unknown readable memory: 0x0000000000000000 | 00 00 00 00 00 00 00 00
x14=0x0000000000000001 is an unknown value
x15=0x00000001212bdf98: OBJC_CLASS_$_GlassRunnable+0 in /Users/aleksandrefremov/.openjfx/cache/17.0.1/libglass.dylib at 0x0000000121278000
x16=0x00000001c16d4340: pthread_getspecific+0 in /usr/lib/system/libsystem_pthread.dylib at 0x00000001c16d2000
x17=0x0000600000819e60 points into unknown readable memory: 0xfffffffffffffffe | fe ff ff ff ff ff ff ff
x18=0x0 is NULL
x19=0x0000600000714930 points into unknown readable memory: 0x0000600002e15800 | 00 58 e1 02 00 60 00 00
x20=0x0000000145f081c0 points into unknown readable memory: 0x9d17ce0bf6ce168a | 8a 16 ce f6 0b ce 17 9d
x21=0x0000000145f083c8 is a global jni handle
x22=0x00000001462c8400 is a thread
x23=0x0000000000000001 is an unknown value
x24=0x0000000145f08380 is a global jni handle
x25=0x00000001046855d8: _ZN12StubRoutines17_safefetchN_entryE+0 in /Users/aleksandrefremov/Library/Java/JavaVirtualMachines/openjdk-17.0.1/Contents/Home/lib/server/libjvm.dylib at 0x0000000103adc000
x26=0x000000012191a918 is pointing into metadata
x27=0x0 is NULL
x28=0x00000001462c8400 is a thread


Registers:
 x0=0x0000000145f083c8  x1=0x0000000000000000  x2=0x0000000785a12598  x3=0x0000000000000000
 x4=0x00000000000130a8  x5=0x0000000000000000  x6=0x0000000000000000  x7=0x0000000000000000
 x8=0x000000010c1694ec  x9=0x0000000000000000 x10=0x2010000030300000 x11=0x0000000000000007
x12=0x0000000000000000 x13=0x000060000023e870 x14=0x0000000000000001 x15=0x00000001212bdf98
x16=0x00000001c16d4340 x17=0x0000600000819e60 x18=0x0000000000000000 x19=0x0000600000714930
x20=0x0000000145f081c0 x21=0x0000000145f083c8 x22=0x00000001462c8400 x23=0x0000000000000001
x24=0x0000000145f08380 x25=0x00000001046855d8 x26=0x000000012191a918 x27=0x0000000000000000
x28=0x00000001462c8400  fp=0x00000001784127e0  lr=0x000000010427b45c  sp=0x00000001784127a0
pc=0x000000010c1694f0 cpsr=0x0000000060001000
Top of Stack: (sp=0x00000001784127a0)
0x00000001784127a0:   000000012191a918 0000000000000001
0x00000001784127b0:   0000000800c2ae58 0000000000000000
0x00000001784127c0:   0000000137009ca8 0000000145f083b0
0x00000001784127d0:   0000000145f083b0 0000600000714930
0x00000001784127e0:   0000000178412820 000000010427c68c
0x00000001784127f0:   0000000000000001 0000000145f083b0
0x0000000178412800:   0000000137009ca8 0000000145f083b0
0x0000000178412810:   0000000000000001 0000000137009a00
0x0000000178412820:   0000000178412860 0000000103f958c4
0x0000000178412830:   0000000800c2ae58 0000600002e09fd0
0x0000000178412840:   0000600002e09fa0 000000020b9019f4
0x0000000178412850:   0000000000000000 0000600002e09fa0
0x0000000178412860:   0000000178412890 0000000121282b08
0x0000000178412870:   52340979b3770042 0000000000000000
0x0000000178412880:   0000000000000000 00006000039a08c0
0x0000000178412890:   00000001784128d0 00000001c269ce0c
0x00000001784128a0:   0000000800c2ae58 0000600002e09fd0
0x00000001784128b0:   0000600002e09fa0 52340979b3770042
0x00000001784128c0:   0000000000000000 0000000000000000
0x00000001784128d0:   0000000178412910 19210001c26695e8
0x00000001784128e0:   0000000800c2ae58 000000010c1707c0
0x00000001784128f0:   000000012191a352 000000010468cf90
0x0000000178412900:   00000001784129f0 00000000000000b9
0x0000000178412910:   0000000178412970 922d800113cbe34c
0x0000000178412920:   0000000786827238 0000000785a12598
0x0000000178412930:   0000000178412a98 00000001c16e0530
0x0000000178412940:   00000001462c8400 0000000104669db0
0x0000000178412950:   0000000178412a00 0000000000000001
0x0000000178412960:   00000001784129a0 00000007867eebd8
0x0000000178412970:   0000000178412a60 000000010ca519d8
0x0000000178412980:   0000000785a12598 000000078673bc10
0x0000000178412990:   00000001784129f8 00000000000000b6 

Instructions: (pc=0x000000010c1694f0)
0x000000010c1693f0:   f2a08ca9 f2c00029 6d425935 1e640886
0x000000010c169400:   0c402d31 1e6408c7 1f5654d0 1e6c1017
0x000000010c169410:   1f5050d0 1f504cd0 1f5048d0 1e650af6
0x000000010c169420:   1f50d8f6 1f5694d6 1f5158f6 1e762880
0x000000010c169430:   36000501 1e614000 14000026 2e251ca5
0x000000010c169440:   d2843009 f2a08ca9 f2c00029 6d425d36
0x000000010c169450:   1e600806 0c402d32 1f5758c7 1e6c101a
0x000000010c169460:   1f4754c7 1e650805 1f4750c7 d2866668
0x000000010c169470:   f2a7fa68 1f474cc7 1e6608c0 1f4748c7
0x000000010c169480:   1e6e1019 eb08007f 540000ac 1f479400
0x000000010c169490:   1f460340 1e603b20 1400000e d2a7fd29
0x000000010c1694a0:   eb09007f 540000ac 51480069 d3607d29
0x000000010c1694b0:   9e670121 14000002 1e6a5001 1f679417
0x000000010c1694c0:   1f668742 1e613b23 1e773857 1e773860
0x000000010c1694d0:   a8c17ff3 910003bf a8c17bfd d65f03c0
0x000000010c1694e0:   b9400001 aa0103e0 d65f03c0 f9400001
0x000000010c1694f0:   aa0103e0 d65f03c0 00000000 00000000
0x000000010c169500:   00000000 00000000 00000000 00000000
0x000000010c169510:   00000000 00000000 00000000 00000000
0x000000010c169520:   00000000 00000000 00000000 00000000
0x000000010c169530:   00000000 00000000 00000000 00000000
0x000000010c169540:   00000000 00000000 00000000 00000000
0x000000010c169550:   00000000 00000000 00000000 00000000
0x000000010c169560:   00000000 00000000 00000000 00000000
0x000000010c169570:   00000000 00000000 00000000 00000000
0x000000010c169580:   00000000 00000000 00000000 00000000
0x000000010c169590:   00000000 00000000 00000000 00000000
0x000000010c1695a0:   00000000 00000000 00000000 00000000
0x000000010c1695b0:   00000000 00000000 00000000 00000000
0x000000010c1695c0:   00000000 00000000 00000000 00000000
0x000000010c1695d0:   00000000 00000000 00000000 00000000
0x000000010c1695e0:   00000000 00000000 00000000 00000000 


Stack slot to memory mapping:
stack at sp + 0 slots: 0x000000012191a918 is pointing into metadata
stack at sp + 1 slots: 0x0000000000000001 is an unknown value
stack at sp + 2 slots: 0x0000000800c2ae58 is a pointer to class: 
com.sun.glass.ui.mac.MacApplication {0x0000000800c2ae58}
 - instance size:     5
 - klass size:        136
 - access:            final synchronized 
 - state:             fully_initialized
 - name:              'com/sun/glass/ui/mac/MacApplication'
 - super:             'com/sun/glass/ui/Application'
 - sub:               
 - arrays:            NULL
 - methods:           Array<T>(0x00000001218ef540)
 - method ordering:   Array<T>(0x000000080091a000)
 - default_methods:   Array<T>(0x0000000000000000)
 - local interfaces:  Array<T>(0x00000001218f5168)
 - trans. interfaces: Array<T>(0x00000001218f5168)
 - constants:         constant pool [548]/operands[69] {0x00000001218f4000} for 'com/sun/glass/ui/mac/MacApplication' cache=0x00000001219182c0
 - class loader data:  loader data: 0x0000600001d1cc80 for instance a 'jdk/internal/loader/ClassLoaders$AppClassLoader'{0x0000000786835778}
 - source file:       'MacApplication.java'
 - class annotations:       Array<T>(0x0000000000000000)
 - class type annotations:  Array<T>(0x0000000000000000)
 - field annotations:       Array<T>(0x0000000000000000)
 - field type annotations:  Array<T>(0x0000000000000000)
 - inner classes:     Array<T>(0x00000001218f7fa0)
 - nest members:     Array<T>(0x00000001218f2090)
 - permitted subclasses:     Array<T>(0x00000008005c33d8)
 - java mirror:       a 'java/lang/Class'{0x00000007868271c0} = 'com/sun/glass/ui/mac/MacApplication'
 - vtable length      72  (start addr: 0x0000000800c2b028)
 - itable length      5 (start addr: 0x0000000800c2b268)
 - ---- static fields (1 words):
 - static final 'BROWSER_PARENT_ID' 'J' @112 
 - ---- non-static fields (7 words):
 - private 'initialActiveEventReceived' 'Z' @12 
 - private 'terminateWhenLastWindowClosed' 'Z' @13 
 - protected 'name' 'Ljava/lang/String;' @16 
 - private 'eventHandler' 'Lcom/sun/glass/ui/Application$EventHandler;' @20 
 - private 'initialOpenedFiles' '[Ljava/lang/String;' @24 
 - private 'isTaskbarApplication' 'Z' @14 
 - private 'firstDidResignActive' 'Z' @15 
 - private final 'invokeLaterDispatcher' 'Lcom/sun/glass/ui/InvokeLaterDispatcher;' @28 
 - private 'appleMenu' 'Lcom/sun/glass/ui/Menu;' @32 
 - private final 'reactivationLatch' 'Ljava/util/concurrent/CountDownLatch;' @36 
 - non-static oop maps: 16-36 
stack at sp + 3 slots: 0x0 is NULL
stack at sp + 4 slots: 0x0000000137009ca8 points into unknown readable memory: 0x0000000104642728 | 28 27 64 04 01 00 00 00
stack at sp + 5 slots: 0x0000000145f083b0 is a global jni handle
stack at sp + 6 slots: 0x0000000145f083b0 is a global jni handle
stack at sp + 7 slots: 0x0000600000714930 points into unknown readable memory: 0x0000600002e15800 | 00 58 e1 02 00 60 00 00

StubRoutines::SafeFetchN [0x000000010c1694ec, 0x000000010c1694f8] (12 bytes)
[MachCode]
  0x000000010c1694ec: 0100 40f9 | e003 01aa | c003 5fd6 
[/MachCode]

---------------  P R O C E S S  ---------------

Threads class SMR info:
_java_thread_list=0x0000600002cdd880, length=20, elements={
0x0000000136008600, 0x0000000147865800, 0x0000000147868000, 0x0000000146874a00,
0x0000000146811800, 0x000000014680e200, 0x000000014680e800, 0x000000014680ee00,
0x000000014680f400, 0x000000014786b000, 0x0000000136892600, 0x0000000136892c00,
0x0000000146877000, 0x00000001462c8400, 0x0000000137009a00, 0x0000000146b92000,
0x0000000146bb6000, 0x00000001479d0000, 0x000000014633e400, 0x0000000147a68200
}

Java Threads: ( => current thread )
  0x0000000136008600 JavaThread "main" [_thread_blocked, id=9731, stack(0x000000016d6fc000,0x000000016d8ff000)]
  0x0000000147865800 JavaThread "Reference Handler" daemon [_thread_blocked, id=14339, stack(0x000000016e550000,0x000000016e753000)]
  0x0000000147868000 JavaThread "Finalizer" daemon [_thread_blocked, id=14595, stack(0x000000016e75c000,0x000000016e95f000)]
  0x0000000146874a00 JavaThread "Signal Dispatcher" daemon [_thread_blocked, id=23043, stack(0x000000016ea80000,0x000000016ec83000)]
  0x0000000146811800 JavaThread "Service Thread" daemon [_thread_blocked, id=42243, stack(0x000000016ec8c000,0x000000016ee8f000)]
  0x000000014680e200 JavaThread "Monitor Deflation Thread" daemon [_thread_blocked, id=23299, stack(0x000000016ee98000,0x000000016f09b000)]
  0x000000014680e800 JavaThread "C2 CompilerThread0" daemon [_thread_blocked, id=23811, stack(0x000000016f0a4000,0x000000016f2a7000)]
  0x000000014680ee00 JavaThread "C1 CompilerThread0" daemon [_thread_blocked, id=24323, stack(0x000000016f2b0000,0x000000016f4b3000)]
  0x000000014680f400 JavaThread "Sweeper thread" daemon [_thread_blocked, id=24835, stack(0x000000016f4bc000,0x000000016f6bf000)]
  0x000000014786b000 JavaThread "Common-Cleaner" daemon [_thread_blocked, id=41475, stack(0x000000016f6c8000,0x000000016f8cb000)]
  0x0000000136892600 JavaThread "Monitor Ctrl-Break" daemon [_thread_in_native, id=40963, stack(0x000000016f8d4000,0x000000016fad7000)]
  0x0000000136892c00 JavaThread "Notification Thread" daemon [_thread_blocked, id=25347, stack(0x000000016fae0000,0x000000016fce3000)]
  0x0000000146877000 JavaThread "QuantumRenderer-0" daemon [_thread_blocked, id=40195, stack(0x0000000178004000,0x0000000178207000)]
=>0x00000001462c8400 JavaThread "InvokeLaterDispatcher" daemon [_thread_in_native, id=29967, stack(0x0000000178210000,0x0000000178413000)]
  0x0000000137009a00 JavaThread "JavaFX Application Thread" [_thread_in_vm, id=259, stack(0x000000016ce74000,0x000000016d670000)]
  0x0000000146b92000 JavaThread "JavaFX-Launcher" [_thread_blocked, id=54787, stack(0x00000001786b4000,0x00000001788b7000)]
  0x0000000146bb6000 JavaThread "PulseTimer-CVDisplayLink thread" daemon [_thread_in_native, id=77315, stack(0x000000017841c000,0x000000017849f000)]
  0x00000001479d0000 JavaThread "Prism Font Disposer" daemon [_thread_blocked, id=55835, stack(0x00000001792fc000,0x00000001794ff000)]
  0x000000014633e400 JavaThread "Cleaner-0" daemon [_thread_blocked, id=67359, stack(0x0000000179508000,0x000000017970b000)]
  0x0000000147a68200 JavaThread "Attach Listener" daemon [_thread_blocked, id=1315, stack(0x0000000179714000,0x0000000179917000)]

Other Threads:
  0x000000014700b860 VMThread "VM Thread" [stack: 0x000000016e344000,0x000000016e547000] [id=16131]
  0x0000000125e041c0 WatcherThread [stack: 0x000000016fcec000,0x000000016feef000] [id=25603]
  0x0000000147006be0 GCTaskThread "GC Thread#0" [stack: 0x000000016d908000,0x000000016db0b000] [id=19715]
  0x0000000147026a40 GCTaskThread "GC Thread#1" [stack: 0x00000001788c0000,0x0000000178ac3000] [id=74499]
  0x0000000147026fd0 GCTaskThread "GC Thread#2" [stack: 0x0000000178acc000,0x0000000178ccf000] [id=73987]
  0x0000000145e23a30 GCTaskThread "GC Thread#3" [stack: 0x0000000178cd8000,0x0000000178edb000] [id=55299]
  0x0000000145e23ce0 GCTaskThread "GC Thread#4" [stack: 0x0000000178ee4000,0x00000001790e7000] [id=73731]
  0x0000000145e24160 GCTaskThread "GC Thread#5" [stack: 0x00000001790f0000,0x00000001792f3000] [id=73219]
  0x0000000147007290 ConcurrentGCThread "G1 Main Marker" [stack: 0x000000016db14000,0x000000016dd17000] [id=19203]
  0x0000000147007b10 ConcurrentGCThread "G1 Conc#0" [stack: 0x000000016dd20000,0x000000016df23000] [id=12803]
  0x0000000145f064f0 ConcurrentGCThread "G1 Refine#0" [stack: 0x000000016df2c000,0x000000016e12f000] [id=18691]
  0x0000000145f06d90 ConcurrentGCThread "G1 Service" [stack: 0x000000016e138000,0x000000016e33b000] [id=18435]

Threads with active compile tasks:

VM state: not at safepoint (normal execution)

VM Mutex/Monitor currently owned by a thread: None

Heap address: 0x0000000780000000, size: 2048 MB, Compressed Oops mode: Zero based, Oop shift amount: 3

CDS archive(s) mapped at: [0x0000000800000000-0x0000000800bd4000-0x0000000800bd4000), size 12402688, SharedBaseAddress: 0x0000000800000000, ArchiveRelocationMode: 0.
Compressed class space mapped at: 0x0000000800c00000-0x0000000840c00000, reserved size: 1073741824
Narrow klass base: 0x0000000800000000, Narrow klass shift: 0, Narrow klass range: 0x100000000

GC Precious Log:
 CPUs: 8 total, 8 available
 Memory: 8192M
 Large Page Support: Disabled
 NUMA Support: Disabled
 Compressed Oops: Enabled (Zero based)
 Heap Region Size: 1M
 Heap Min Capacity: 8M
 Heap Initial Capacity: 128M
 Heap Max Capacity: 2G
 Pre-touch: Disabled
 Parallel Workers: 8
 Concurrent Workers: 2
 Concurrent Refinement Workers: 8
 Periodic GC: Disabled

Heap:
 garbage-first heap   total 133120K, used 41589K [0x0000000780000000, 0x0000000800000000)
  region size 1024K, 39 young (39936K), 3 survivors (3072K)
 Metaspace       used 14760K, committed 15040K, reserved 1064960K
  class space    used 2130K, committed 2240K, reserved 1048576K

Heap Regions: E=young(eden), S=young(survivor), O=old, HS=humongous(starts), HC=humongous(continues), CS=collection set, F=free, OA=open archive, CA=closed archive, TAMS=top-at-mark-start (previous, next)
|   0|0x0000000780000000, 0x0000000780100000, 0x0000000780100000|100%|HS|  |TAMS 0x0000000780000000, 0x0000000780000000| Complete 
|   1|0x0000000780100000, 0x0000000780200000, 0x0000000780200000|100%|HC|  |TAMS 0x0000000780100000, 0x0000000780100000| Complete 
|   2|0x0000000780200000, 0x0000000780200000, 0x0000000780300000|  0%| F|  |TAMS 0x0000000780200000, 0x0000000780200000| Untracked 
|   3|0x0000000780300000, 0x0000000780300000, 0x0000000780400000|  0%| F|  |TAMS 0x0000000780300000, 0x0000000780300000| Untracked 
|   4|0x0000000780400000, 0x0000000780400000, 0x0000000780500000|  0%| F|  |TAMS 0x0000000780400000, 0x0000000780400000| Untracked 
|   5|0x0000000780500000, 0x0000000780500000, 0x0000000780600000|  0%| F|  |TAMS 0x0000000780500000, 0x0000000780500000| Untracked 
|   6|0x0000000780600000, 0x0000000780600000, 0x0000000780700000|  0%| F|  |TAMS 0x0000000780600000, 0x0000000780600000| Untracked 
|   7|0x0000000780700000, 0x0000000780700000, 0x0000000780800000|  0%| F|  |TAMS 0x0000000780700000, 0x0000000780700000| Untracked 
|   8|0x0000000780800000, 0x0000000780800000, 0x0000000780900000|  0%| F|  |TAMS 0x0000000780800000, 0x0000000780800000| Untracked 
|   9|0x0000000780900000, 0x0000000780900000, 0x0000000780a00000|  0%| F|  |TAMS 0x0000000780900000, 0x0000000780900000| Untracked 
|  10|0x0000000780a00000, 0x0000000780a00000, 0x0000000780b00000|  0%| F|  |TAMS 0x0000000780a00000, 0x0000000780a00000| Untracked 
|  11|0x0000000780b00000, 0x0000000780b00000, 0x0000000780c00000|  0%| F|  |TAMS 0x0000000780b00000, 0x0000000780b00000| Untracked 
|  12|0x0000000780c00000, 0x0000000780c00000, 0x0000000780d00000|  0%| F|  |TAMS 0x0000000780c00000, 0x0000000780c00000| Untracked 
|  13|0x0000000780d00000, 0x0000000780d00000, 0x0000000780e00000|  0%| F|  |TAMS 0x0000000780d00000, 0x0000000780d00000| Untracked 
|  14|0x0000000780e00000, 0x0000000780e00000, 0x0000000780f00000|  0%| F|  |TAMS 0x0000000780e00000, 0x0000000780e00000| Untracked 
|  15|0x0000000780f00000, 0x0000000780f00000, 0x0000000781000000|  0%| F|  |TAMS 0x0000000780f00000, 0x0000000780f00000| Untracked 
|  16|0x0000000781000000, 0x0000000781000000, 0x0000000781100000|  0%| F|  |TAMS 0x0000000781000000, 0x0000000781000000| Untracked 
|  17|0x0000000781100000, 0x0000000781100000, 0x0000000781200000|  0%| F|  |TAMS 0x0000000781100000, 0x0000000781100000| Untracked 
|  18|0x0000000781200000, 0x0000000781200000, 0x0000000781300000|  0%| F|  |TAMS 0x0000000781200000, 0x0000000781200000| Untracked 
|  19|0x0000000781300000, 0x0000000781300000, 0x0000000781400000|  0%| F|  |TAMS 0x0000000781300000, 0x0000000781300000| Untracked 
|  20|0x0000000781400000, 0x0000000781400000, 0x0000000781500000|  0%| F|  |TAMS 0x0000000781400000, 0x0000000781400000| Untracked 
|  21|0x0000000781500000, 0x0000000781500000, 0x0000000781600000|  0%| F|  |TAMS 0x0000000781500000, 0x0000000781500000| Untracked 
|  22|0x0000000781600000, 0x0000000781600000, 0x0000000781700000|  0%| F|  |TAMS 0x0000000781600000, 0x0000000781600000| Untracked 
|  23|0x0000000781700000, 0x0000000781700000, 0x0000000781800000|  0%| F|  |TAMS 0x0000000781700000, 0x0000000781700000| Untracked 
|  24|0x0000000781800000, 0x0000000781800000, 0x0000000781900000|  0%| F|  |TAMS 0x0000000781800000, 0x0000000781800000| Untracked 
|  25|0x0000000781900000, 0x0000000781900000, 0x0000000781a00000|  0%| F|  |TAMS 0x0000000781900000, 0x0000000781900000| Untracked 
|  26|0x0000000781a00000, 0x0000000781a00000, 0x0000000781b00000|  0%| F|  |TAMS 0x0000000781a00000, 0x0000000781a00000| Untracked 
|  27|0x0000000781b00000, 0x0000000781b00000, 0x0000000781c00000|  0%| F|  |TAMS 0x0000000781b00000, 0x0000000781b00000| Untracked 
|  28|0x0000000781c00000, 0x0000000781c00000, 0x0000000781d00000|  0%| F|  |TAMS 0x0000000781c00000, 0x0000000781c00000| Untracked 
|  29|0x0000000781d00000, 0x0000000781d00000, 0x0000000781e00000|  0%| F|  |TAMS 0x0000000781d00000, 0x0000000781d00000| Untracked 
|  30|0x0000000781e00000, 0x0000000781e00000, 0x0000000781f00000|  0%| F|  |TAMS 0x0000000781e00000, 0x0000000781e00000| Untracked 
|  31|0x0000000781f00000, 0x0000000781f00000, 0x0000000782000000|  0%| F|  |TAMS 0x0000000781f00000, 0x0000000781f00000| Untracked 
|  32|0x0000000782000000, 0x0000000782000000, 0x0000000782100000|  0%| F|  |TAMS 0x0000000782000000, 0x0000000782000000| Untracked 
|  33|0x0000000782100000, 0x0000000782100000, 0x0000000782200000|  0%| F|  |TAMS 0x0000000782100000, 0x0000000782100000| Untracked 
|  34|0x0000000782200000, 0x0000000782200000, 0x0000000782300000|  0%| F|  |TAMS 0x0000000782200000, 0x0000000782200000| Untracked 
|  35|0x0000000782300000, 0x0000000782300000, 0x0000000782400000|  0%| F|  |TAMS 0x0000000782300000, 0x0000000782300000| Untracked 
|  36|0x0000000782400000, 0x0000000782400000, 0x0000000782500000|  0%| F|  |TAMS 0x0000000782400000, 0x0000000782400000| Untracked 
|  37|0x0000000782500000, 0x0000000782500000, 0x0000000782600000|  0%| F|  |TAMS 0x0000000782500000, 0x0000000782500000| Untracked 
|  38|0x0000000782600000, 0x0000000782600000, 0x0000000782700000|  0%| F|  |TAMS 0x0000000782600000, 0x0000000782600000| Untracked 
|  39|0x0000000782700000, 0x0000000782700000, 0x0000000782800000|  0%| F|  |TAMS 0x0000000782700000, 0x0000000782700000| Untracked 
|  40|0x0000000782800000, 0x0000000782800000, 0x0000000782900000|  0%| F|  |TAMS 0x0000000782800000, 0x0000000782800000| Untracked 
|  41|0x0000000782900000, 0x0000000782900000, 0x0000000782a00000|  0%| F|  |TAMS 0x0000000782900000, 0x0000000782900000| Untracked 
|  42|0x0000000782a00000, 0x0000000782a00000, 0x0000000782b00000|  0%| F|  |TAMS 0x0000000782a00000, 0x0000000782a00000| Untracked 
|  43|0x0000000782b00000, 0x0000000782b00000, 0x0000000782c00000|  0%| F|  |TAMS 0x0000000782b00000, 0x0000000782b00000| Untracked 
|  44|0x0000000782c00000, 0x0000000782c00000, 0x0000000782d00000|  0%| F|  |TAMS 0x0000000782c00000, 0x0000000782c00000| Untracked 
|  45|0x0000000782d00000, 0x0000000782d00000, 0x0000000782e00000|  0%| F|  |TAMS 0x0000000782d00000, 0x0000000782d00000| Untracked 
|  46|0x0000000782e00000, 0x0000000782e00000, 0x0000000782f00000|  0%| F|  |TAMS 0x0000000782e00000, 0x0000000782e00000| Untracked 
|  47|0x0000000782f00000, 0x0000000782f00000, 0x0000000783000000|  0%| F|  |TAMS 0x0000000782f00000, 0x0000000782f00000| Untracked 
|  48|0x0000000783000000, 0x0000000783000000, 0x0000000783100000|  0%| F|  |TAMS 0x0000000783000000, 0x0000000783000000| Untracked 
|  49|0x0000000783100000, 0x0000000783100000, 0x0000000783200000|  0%| F|  |TAMS 0x0000000783100000, 0x0000000783100000| Untracked 
|  50|0x0000000783200000, 0x0000000783200000, 0x0000000783300000|  0%| F|  |TAMS 0x0000000783200000, 0x0000000783200000| Untracked 
|  51|0x0000000783300000, 0x0000000783300000, 0x0000000783400000|  0%| F|  |TAMS 0x0000000783300000, 0x0000000783300000| Untracked 
|  52|0x0000000783400000, 0x0000000783400000, 0x0000000783500000|  0%| F|  |TAMS 0x0000000783400000, 0x0000000783400000| Untracked 
|  53|0x0000000783500000, 0x0000000783500000, 0x0000000783600000|  0%| F|  |TAMS 0x0000000783500000, 0x0000000783500000| Untracked 
|  54|0x0000000783600000, 0x0000000783600000, 0x0000000783700000|  0%| F|  |TAMS 0x0000000783600000, 0x0000000783600000| Untracked 
|  55|0x0000000783700000, 0x0000000783700000, 0x0000000783800000|  0%| F|  |TAMS 0x0000000783700000, 0x0000000783700000| Untracked 
|  56|0x0000000783800000, 0x0000000783800000, 0x0000000783900000|  0%| F|  |TAMS 0x0000000783800000, 0x0000000783800000| Untracked 
|  57|0x0000000783900000, 0x0000000783900000, 0x0000000783a00000|  0%| F|  |TAMS 0x0000000783900000, 0x0000000783900000| Untracked 
|  58|0x0000000783a00000, 0x0000000783a00000, 0x0000000783b00000|  0%| F|  |TAMS 0x0000000783a00000, 0x0000000783a00000| Untracked 
|  59|0x0000000783b00000, 0x0000000783b00000, 0x0000000783c00000|  0%| F|  |TAMS 0x0000000783b00000, 0x0000000783b00000| Untracked 
|  60|0x0000000783c00000, 0x0000000783c00000, 0x0000000783d00000|  0%| F|  |TAMS 0x0000000783c00000, 0x0000000783c00000| Untracked 
|  61|0x0000000783d00000, 0x0000000783d00000, 0x0000000783e00000|  0%| F|  |TAMS 0x0000000783d00000, 0x0000000783d00000| Untracked 
|  62|0x0000000783e00000, 0x0000000783e00000, 0x0000000783f00000|  0%| F|  |TAMS 0x0000000783e00000, 0x0000000783e00000| Untracked 
|  63|0x0000000783f00000, 0x0000000783f00000, 0x0000000784000000|  0%| F|  |TAMS 0x0000000783f00000, 0x0000000783f00000| Untracked 
|  64|0x0000000784000000, 0x0000000784000000, 0x0000000784100000|  0%| F|  |TAMS 0x0000000784000000, 0x0000000784000000| Untracked 
|  65|0x0000000784100000, 0x0000000784100000, 0x0000000784200000|  0%| F|  |TAMS 0x0000000784100000, 0x0000000784100000| Untracked 
|  66|0x0000000784200000, 0x0000000784200000, 0x0000000784300000|  0%| F|  |TAMS 0x0000000784200000, 0x0000000784200000| Untracked 
|  67|0x0000000784300000, 0x0000000784300000, 0x0000000784400000|  0%| F|  |TAMS 0x0000000784300000, 0x0000000784300000| Untracked 
|  68|0x0000000784400000, 0x0000000784400000, 0x0000000784500000|  0%| F|  |TAMS 0x0000000784400000, 0x0000000784400000| Untracked 
|  69|0x0000000784500000, 0x0000000784500000, 0x0000000784600000|  0%| F|  |TAMS 0x0000000784500000, 0x0000000784500000| Untracked 
|  70|0x0000000784600000, 0x0000000784600000, 0x0000000784700000|  0%| F|  |TAMS 0x0000000784600000, 0x0000000784600000| Untracked 
|  71|0x0000000784700000, 0x0000000784700000, 0x0000000784800000|  0%| F|  |TAMS 0x0000000784700000, 0x0000000784700000| Untracked 
|  72|0x0000000784800000, 0x0000000784800000, 0x0000000784900000|  0%| F|  |TAMS 0x0000000784800000, 0x0000000784800000| Untracked 
|  73|0x0000000784900000, 0x0000000784900000, 0x0000000784a00000|  0%| F|  |TAMS 0x0000000784900000, 0x0000000784900000| Untracked 
|  74|0x0000000784a00000, 0x0000000784a00000, 0x0000000784b00000|  0%| F|  |TAMS 0x0000000784a00000, 0x0000000784a00000| Untracked 
|  75|0x0000000784b00000, 0x0000000784b00000, 0x0000000784c00000|  0%| F|  |TAMS 0x0000000784b00000, 0x0000000784b00000| Untracked 
|  76|0x0000000784c00000, 0x0000000784c00000, 0x0000000784d00000|  0%| F|  |TAMS 0x0000000784c00000, 0x0000000784c00000| Untracked 
|  77|0x0000000784d00000, 0x0000000784d00000, 0x0000000784e00000|  0%| F|  |TAMS 0x0000000784d00000, 0x0000000784d00000| Untracked 
|  78|0x0000000784e00000, 0x0000000784e00000, 0x0000000784f00000|  0%| F|  |TAMS 0x0000000784e00000, 0x0000000784e00000| Untracked 
|  79|0x0000000784f00000, 0x0000000784f00000, 0x0000000785000000|  0%| F|  |TAMS 0x0000000784f00000, 0x0000000784f00000| Untracked 
|  80|0x0000000785000000, 0x0000000785000000, 0x0000000785100000|  0%| F|  |TAMS 0x0000000785000000, 0x0000000785000000| Untracked 
|  81|0x0000000785100000, 0x0000000785100000, 0x0000000785200000|  0%| F|  |TAMS 0x0000000785100000, 0x0000000785100000| Untracked 
|  82|0x0000000785200000, 0x0000000785200000, 0x0000000785300000|  0%| F|  |TAMS 0x0000000785200000, 0x0000000785200000| Untracked 
|  83|0x0000000785300000, 0x0000000785300000, 0x0000000785400000|  0%| F|  |TAMS 0x0000000785300000, 0x0000000785300000| Untracked 
|  84|0x0000000785400000, 0x0000000785400000, 0x0000000785500000|  0%| F|  |TAMS 0x0000000785400000, 0x0000000785400000| Untracked 
|  85|0x0000000785500000, 0x0000000785500000, 0x0000000785600000|  0%| F|  |TAMS 0x0000000785500000, 0x0000000785500000| Untracked 
|  86|0x0000000785600000, 0x0000000785600000, 0x0000000785700000|  0%| F|  |TAMS 0x0000000785600000, 0x0000000785600000| Untracked 
|  87|0x0000000785700000, 0x0000000785700000, 0x0000000785800000|  0%| F|  |TAMS 0x0000000785700000, 0x0000000785700000| Untracked 
|  88|0x0000000785800000, 0x0000000785800000, 0x0000000785900000|  0%| F|  |TAMS 0x0000000785800000, 0x0000000785800000| Untracked 
|  89|0x0000000785900000, 0x0000000785980800, 0x0000000785a00000| 50%| E|  |TAMS 0x0000000785900000, 0x0000000785900000| Complete 
|  90|0x0000000785a00000, 0x0000000785b00000, 0x0000000785b00000|100%| E|CS|TAMS 0x0000000785a00000, 0x0000000785a00000| Complete 
|  91|0x0000000785b00000, 0x0000000785c00000, 0x0000000785c00000|100%| E|CS|TAMS 0x0000000785b00000, 0x0000000785b00000| Complete 
|  92|0x0000000785c00000, 0x0000000785d00000, 0x0000000785d00000|100%| E|CS|TAMS 0x0000000785c00000, 0x0000000785c00000| Complete 
|  93|0x0000000785d00000, 0x0000000785e00000, 0x0000000785e00000|100%| E|CS|TAMS 0x0000000785d00000, 0x0000000785d00000| Complete 
|  94|0x0000000785e00000, 0x0000000785f00000, 0x0000000785f00000|100%| E|CS|TAMS 0x0000000785e00000, 0x0000000785e00000| Complete 
|  95|0x0000000785f00000, 0x0000000786000000, 0x0000000786000000|100%| E|CS|TAMS 0x0000000785f00000, 0x0000000785f00000| Complete 
|  96|0x0000000786000000, 0x0000000786100000, 0x0000000786100000|100%| E|CS|TAMS 0x0000000786000000, 0x0000000786000000| Complete 
|  97|0x0000000786100000, 0x0000000786200000, 0x0000000786200000|100%| E|CS|TAMS 0x0000000786100000, 0x0000000786100000| Complete 
|  98|0x0000000786200000, 0x0000000786300000, 0x0000000786300000|100%| E|CS|TAMS 0x0000000786200000, 0x0000000786200000| Complete 
|  99|0x0000000786300000, 0x0000000786400000, 0x0000000786400000|100%| E|CS|TAMS 0x0000000786300000, 0x0000000786300000| Complete 
| 100|0x0000000786400000, 0x0000000786500000, 0x0000000786500000|100%| E|CS|TAMS 0x0000000786400000, 0x0000000786400000| Complete 
| 101|0x0000000786500000, 0x0000000786600000, 0x0000000786600000|100%| E|CS|TAMS 0x0000000786500000, 0x0000000786500000| Complete 
| 102|0x0000000786600000, 0x00000007866a5540, 0x0000000786700000| 64%| S|CS|TAMS 0x0000000786600000, 0x0000000786600000| Complete 
| 103|0x0000000786700000, 0x0000000786800000, 0x0000000786800000|100%| S|CS|TAMS 0x0000000786700000, 0x0000000786700000| Complete 
| 104|0x0000000786800000, 0x0000000786900000, 0x0000000786900000|100%| S|CS|TAMS 0x0000000786800000, 0x0000000786800000| Complete 
| 105|0x0000000786900000, 0x0000000786a00000, 0x0000000786a00000|100%| E|CS|TAMS 0x0000000786900000, 0x0000000786900000| Complete 
| 106|0x0000000786a00000, 0x0000000786b00000, 0x0000000786b00000|100%| E|CS|TAMS 0x0000000786a00000, 0x0000000786a00000| Complete 
| 107|0x0000000786b00000, 0x0000000786c00000, 0x0000000786c00000|100%| E|CS|TAMS 0x0000000786b00000, 0x0000000786b00000| Complete 
| 108|0x0000000786c00000, 0x0000000786d00000, 0x0000000786d00000|100%| E|CS|TAMS 0x0000000786c00000, 0x0000000786c00000| Complete 
| 109|0x0000000786d00000, 0x0000000786e00000, 0x0000000786e00000|100%| E|CS|TAMS 0x0000000786d00000, 0x0000000786d00000| Complete 
| 110|0x0000000786e00000, 0x0000000786f00000, 0x0000000786f00000|100%| E|CS|TAMS 0x0000000786e00000, 0x0000000786e00000| Complete 
| 111|0x0000000786f00000, 0x0000000787000000, 0x0000000787000000|100%| E|CS|TAMS 0x0000000786f00000, 0x0000000786f00000| Complete 
| 112|0x0000000787000000, 0x0000000787100000, 0x0000000787100000|100%| E|CS|TAMS 0x0000000787000000, 0x0000000787000000| Complete 
| 113|0x0000000787100000, 0x0000000787200000, 0x0000000787200000|100%| E|CS|TAMS 0x0000000787100000, 0x0000000787100000| Complete 
| 114|0x0000000787200000, 0x0000000787300000, 0x0000000787300000|100%| E|CS|TAMS 0x0000000787200000, 0x0000000787200000| Complete 
| 115|0x0000000787300000, 0x0000000787400000, 0x0000000787400000|100%| E|CS|TAMS 0x0000000787300000, 0x0000000787300000| Complete 
| 116|0x0000000787400000, 0x0000000787500000, 0x0000000787500000|100%| E|CS|TAMS 0x0000000787400000, 0x0000000787400000| Complete 
| 117|0x0000000787500000, 0x0000000787600000, 0x0000000787600000|100%| E|CS|TAMS 0x0000000787500000, 0x0000000787500000| Complete 
| 118|0x0000000787600000, 0x0000000787700000, 0x0000000787700000|100%| E|CS|TAMS 0x0000000787600000, 0x0000000787600000| Complete 
| 119|0x0000000787700000, 0x0000000787800000, 0x0000000787800000|100%| E|CS|TAMS 0x0000000787700000, 0x0000000787700000| Complete 
| 120|0x0000000787800000, 0x0000000787900000, 0x0000000787900000|100%| E|CS|TAMS 0x0000000787800000, 0x0000000787800000| Complete 
| 121|0x0000000787900000, 0x0000000787a00000, 0x0000000787a00000|100%| E|CS|TAMS 0x0000000787900000, 0x0000000787900000| Complete 
| 122|0x0000000787a00000, 0x0000000787b00000, 0x0000000787b00000|100%| E|CS|TAMS 0x0000000787a00000, 0x0000000787a00000| Complete 
| 123|0x0000000787b00000, 0x0000000787c00000, 0x0000000787c00000|100%| E|CS|TAMS 0x0000000787b00000, 0x0000000787b00000| Complete 
| 124|0x0000000787c00000, 0x0000000787d00000, 0x0000000787d00000|100%| E|CS|TAMS 0x0000000787c00000, 0x0000000787c00000| Complete 
| 125|0x0000000787d00000, 0x0000000787e00000, 0x0000000787e00000|100%| E|CS|TAMS 0x0000000787d00000, 0x0000000787d00000| Complete 
| 126|0x0000000787e00000, 0x0000000787f00000, 0x0000000787f00000|100%| E|CS|TAMS 0x0000000787e00000, 0x0000000787e00000| Complete 
| 127|0x0000000787f00000, 0x0000000788000000, 0x0000000788000000|100%| E|CS|TAMS 0x0000000787f00000, 0x0000000787f00000| Complete 
|2046|0x00000007ffe00000, 0x00000007ffe78000, 0x00000007fff00000| 46%|OA|  |TAMS 0x00000007ffe00000, 0x00000007ffe00000| Untracked 
|2047|0x00000007fff00000, 0x00000007fff80000, 0x0000000800000000| 50%|CA|  |TAMS 0x00000007fff00000, 0x00000007fff00000| Untracked 

Card table byte_map: [0x00000001030c4000,0x00000001034c4000] _byte_map_base: 0x00000000ff4c4000

Marking Bits (Prev, Next): (CMBitMap*) 0x0000000147838a10, (CMBitMap*) 0x0000000147838a50
 Prev Bits: [0x000000011b168000, 0x000000011d168000)
 Next Bits: [0x000000011d168000, 0x000000011f168000)

Polling page: 0x0000000102914000

Metaspace:

Usage:
  Non-class:     12.33 MB used.
      Class:      2.08 MB used.
       Both:     14.41 MB used.

Virtual space:
  Non-class space:       16.00 MB reserved,      12.50 MB ( 78%) committed,  2 nodes.
      Class space:        1.00 GB reserved,       2.19 MB ( <1%) committed,  1 nodes.
             Both:        1.02 GB reserved,      14.69 MB (  1%) committed. 

Chunk freelists:
   Non-Class:  2.67 MB
       Class:  1.78 MB
        Both:  4.45 MB

MaxMetaspaceSize: unlimited
CompressedClassSpaceSize: 1.00 GB
Initial GC threshold: 21.00 MB
Current GC threshold: 21.00 MB
CDS: on
MetaspaceReclaimPolicy: balanced
 - commit_granule_bytes: 65536.
 - commit_granule_words: 8192.
 - virtual_space_node_default_size: 1048576.
 - enlarge_chunks_in_place: 1.
 - new_chunks_are_fully_committed: 0.
 - uncommit_free_chunks: 1.
 - use_allocation_guard: 0.
 - handle_deallocations: 1.


Internal statistics:

num_allocs_failed_limit: 0.
num_arena_births: 190.
num_arena_deaths: 0.
num_vsnodes_births: 3.
num_vsnodes_deaths: 0.
num_space_committed: 235.
num_space_uncommitted: 0.
num_chunks_returned_to_freelist: 0.
num_chunks_taken_from_freelist: 649.
num_chunk_merges: 0.
num_chunk_splits: 454.
num_chunks_enlarged: 359.
num_purges: 0.
num_inconsistent_stats: 0.

CodeHeap 'non-profiled nmethods': size=120032Kb used=724Kb max_used=724Kb free=119307Kb
 bounds [0x0000000113c30000, 0x0000000113ea0000, 0x000000011b168000]
CodeHeap 'profiled nmethods': size=120016Kb used=4260Kb max_used=4260Kb free=115755Kb
 bounds [0x000000010c6fc000, 0x000000010cb2c000, 0x0000000113c30000]
CodeHeap 'non-nmethods': size=5712Kb used=1348Kb max_used=1396Kb free=4363Kb
 bounds [0x000000010c168000, 0x000000010c3d8000, 0x000000010c6fc000]
 total_blobs=2887 nmethods=2150 adapters=653
 compilation: enabled
              stopped_count=0, restarted_count=0
 full_count=0

Compilation events (20 events):
Event: 42.073 Thread 0x000000014680ee00 2214       3       com.sun.javafx.sg.prism.NGRegion::createPath (91 bytes)
Event: 42.074 Thread 0x000000014680ee00 nmethod 2214 0x000000010cb1f110 code [0x000000010cb1f380, 0x000000010cb1fbd8]
Event: 42.074 Thread 0x000000014680ee00 2217       3       com.sun.prism.es2.ES2Context::updateRawMatrix (197 bytes)
Event: 42.075 Thread 0x000000014680ee00 nmethod 2217 0x000000010cb1ff10 code [0x000000010cb20200, 0x000000010cb210a8]
Event: 42.075 Thread 0x000000014680ee00 2218       3       com.sun.prism.es2.ES2Shader::setMatrix (67 bytes)
Event: 42.076 Thread 0x000000014680ee00 nmethod 2218 0x000000010cb21710 code [0x000000010cb21940, 0x000000010cb21f28]
Event: 42.076 Thread 0x000000014680ee00 2219       3       java.util.Arrays::equals (43 bytes)
Event: 42.076 Thread 0x000000014680ee00 nmethod 2219 0x000000010cb22110 code [0x000000010cb22300, 0x000000010cb22618]
Event: 42.076 Thread 0x000000014680ee00 2215       3       com.sun.javafx.geom.Path2D::closePath (72 bytes)
Event: 42.076 Thread 0x000000014680ee00 nmethod 2215 0x000000010cb22710 code [0x000000010cb228c0, 0x000000010cb22b98]
Event: 42.076 Thread 0x000000014680ee00 2216       3       com.sun.marlin.TransformingPathConsumer2D$PathClipFilter::closePath (49 bytes)
Event: 42.076 Thread 0x000000014680ee00 nmethod 2216 0x000000010cb22d10 code [0x000000010cb22f00, 0x000000010cb23378]
Event: 42.574 Thread 0x000000014680ee00 2220       1       com.sun.prism.paint.Gradient::getNumStops (5 bytes)
Event: 42.574 Thread 0x000000014680ee00 nmethod 2220 0x0000000113ce4d90 code [0x0000000113ce4f00, 0x0000000113ce4fe8]
Event: 42.574 Thread 0x000000014680ee00 2221       3       com.sun.javafx.geom.Rectangle::<init> (21 bytes)
Event: 42.574 Thread 0x000000014680ee00 nmethod 2221 0x000000010cb23510 code [0x000000010cb236c0, 0x000000010cb238e8]
Event: 43.073 Thread 0x000000014680ee00 2223       3       com.sun.prism.impl.VertexBuffer::setPerVertexColor (63 bytes)
Event: 43.074 Thread 0x000000014680ee00 nmethod 2223 0x000000010cb23a10 code [0x000000010cb23c00, 0x000000010cb23e28]
Event: 43.074 Thread 0x000000014680ee00 2222       3       com.sun.prism.es2.ES2Context::updateShaderTransform (163 bytes)
Event: 43.075 Thread 0x000000014680ee00 nmethod 2222 0x000000010cb23f10 code [0x000000010cb24200, 0x000000010cb24e38]

GC Heap History (2 events):
Event: 0.294 GC heap before
{Heap before GC invocations=0 (full 0):
 garbage-first heap   total 133120K, used 23520K [0x0000000780000000, 0x0000000800000000)
  region size 1024K, 23 young (23552K), 0 survivors (0K)
 Metaspace       used 6165K, committed 6336K, reserved 1056768K
  class space    used 754K, committed 832K, reserved 1048576K
}
Event: 0.296 GC heap after
{Heap after GC invocations=1 (full 0):
 garbage-first heap   total 133120K, used 3701K [0x0000000780000000, 0x0000000800000000)
  region size 1024K, 3 young (3072K), 3 survivors (3072K)
 Metaspace       used 6165K, committed 6336K, reserved 1056768K
  class space    used 754K, committed 832K, reserved 1048576K
}

Deoptimization events (20 events):
Event: 0.564 Thread 0x0000000137009a00 DEOPT PACKING pc=0x000000010c830660 sp=0x000000016d66a2f0
Event: 0.564 Thread 0x0000000137009a00 DEOPT UNPACKING pc=0x000000010c1a6b7c sp=0x000000016d669fc0 mode 3
Event: 0.598 Thread 0x0000000146877000 DEOPT PACKING pc=0x000000010c9e02b8 sp=0x00000001782054b0
Event: 0.598 Thread 0x0000000146877000 DEOPT UNPACKING pc=0x000000010c1a6b7c sp=0x0000000178205110 mode 0
Event: 0.598 Thread 0x0000000146877000 DEOPT PACKING pc=0x000000010c9e02b8 sp=0x00000001782054b0
Event: 0.598 Thread 0x0000000146877000 DEOPT UNPACKING pc=0x000000010c1a6b7c sp=0x0000000178205110 mode 0
Event: 0.600 Thread 0x0000000146877000 DEOPT PACKING pc=0x000000010c918ce4 sp=0x0000000178204690
Event: 0.600 Thread 0x0000000146877000 DEOPT UNPACKING pc=0x000000010c1a6b7c sp=0x0000000178204340 mode 0
Event: 1.173 Thread 0x0000000147a68200 Uncommon trap: trap_request=0xffffff45 fr.pc=0x0000000113c8c070 relative=0x0000000000000df0
Event: 1.173 Thread 0x0000000147a68200 Uncommon trap: reason=unstable_if action=reinterpret pc=0x0000000113c8c070 method=java.util.concurrent.ConcurrentHashMap.putVal(Ljava/lang/Object;Ljava/lang/Object;Z)Ljava/lang/Object; @ 148 c2
Event: 1.173 Thread 0x0000000147a68200 DEOPT PACKING pc=0x0000000113c8c070 sp=0x00000001799158c0
Event: 1.173 Thread 0x0000000147a68200 DEOPT UNPACKING pc=0x000000010c1a6d1c sp=0x00000001799157d0 mode 2
Event: 1.175 Thread 0x0000000147a68200 Uncommon trap: trap_request=0xffffff45 fr.pc=0x0000000113c3dab8 relative=0x00000000000000f8
Event: 1.175 Thread 0x0000000147a68200 Uncommon trap: reason=unstable_if action=reinterpret pc=0x0000000113c3dab8 method=java.lang.StringLatin1.lastIndexOf([BI[BII)I @ 86 c2
Event: 1.175 Thread 0x0000000147a68200 DEOPT PACKING pc=0x0000000113c3dab8 sp=0x00000001799158b0
Event: 1.175 Thread 0x0000000147a68200 DEOPT UNPACKING pc=0x000000010c1a6d1c sp=0x0000000179915810 mode 2
Event: 9.073 Thread 0x0000000146877000 DEOPT PACKING pc=0x000000010ca1f554 sp=0x00000001782057f0
Event: 9.073 Thread 0x0000000146877000 DEOPT UNPACKING pc=0x000000010c1a6b7c sp=0x0000000178205410 mode 0
Event: 13.074 Thread 0x0000000146877000 DEOPT PACKING pc=0x000000010ca94f94 sp=0x00000001782055b0
Event: 13.074 Thread 0x0000000146877000 DEOPT UNPACKING pc=0x000000010c1a6b7c sp=0x00000001782051b0 mode 0

Classes unloaded (0 events):
No events

Classes redefined (0 events):
No events

Internal exceptions (20 events):
Event: 0.328 Thread 0x0000000137009a00 Exception <a 'sun/nio/fs/UnixException'{0x0000000787a2ee70}> (0x0000000787a2ee70) 
thrown [open/src/hotspot/share/prims/jni.cpp, line 516]
Event: 0.422 Thread 0x0000000137009a00 Exception <a 'java/lang/NoSuchMethodError'{0x0000000787475570}: 'void java.lang.invoke.DirectMethodHandle$Holder.invokeStaticInit(java.lang.Object, java.lang.Object)'> (0x0000000787475570) 
thrown [open/src/hotspot/share/interpreter/linkResolver.cpp, line 766]
Event: 0.425 Thread 0x0000000137009a00 Exception <a 'java/lang/NoSuchMethodError'{0x00000007874f7ad0}: 'void java.lang.invoke.DirectMethodHandle$Holder.invokeSpecial(java.lang.Object, java.lang.Object, java.lang.Object, java.lang.Object, java.lang.Object)'> (0x00000007874f7ad0) 
thrown [open/src/hotspot/share/interpreter/linkResolver.cpp, line 766]
Event: 0.438 Thread 0x0000000137009a00 Exception <a 'sun/nio/fs/UnixException'{0x0000000787296d80}> (0x0000000787296d80) 
thrown [open/src/hotspot/share/prims/jni.cpp, line 516]
Event: 0.441 Thread 0x0000000137009a00 Implicit null exception at 0x0000000113c81494 to 0x0000000113c81834
Event: 0.444 Thread 0x0000000137009a00 Implicit null exception at 0x0000000113c7f118 to 0x0000000113c7f5b4
Event: 0.444 Thread 0x0000000137009a00 Implicit null exception at 0x0000000113c80b54 to 0x0000000113c80bc0
Event: 0.490 Thread 0x0000000137009a00 Exception <a 'java/lang/ClassNotFoundException'{0x0000000786b43cb0}: com/sun/javafx/scene/control/skin/resources/controls> (0x0000000786b43cb0) 
thrown [open/src/hotspot/share/prims/jni.cpp, line 535]
Event: 0.490 Thread 0x0000000137009a00 Exception <a 'java/lang/ClassNotFoundException'{0x0000000786b51c50}: com/sun/javafx/scene/control/skin/resources/controls_ru> (0x0000000786b51c50) 
thrown [open/src/hotspot/share/prims/jni.cpp, line 535]
Event: 0.490 Thread 0x0000000137009a00 Exception <a 'java/lang/ClassNotFoundException'{0x0000000786b52c80}: com/sun/javafx/scene/control/skin/resources/controls_ru_RU> (0x0000000786b52c80) 
thrown [open/src/hotspot/share/prims/jni.cpp, line 535]
Event: 0.503 Thread 0x0000000137009a00 Exception <a 'java/lang/NoSuchMethodError'{0x0000000786916aa0}: 'void java.lang.invoke.DirectMethodHandle$Holder.invokeSpecial(java.lang.Object, java.lang.Object, java.lang.Object, java.lang.Object, java.lang.Object, java.lang.Object)'> (0x0000000786916aa0) 
thrown [open/src/hotspot/share/interpreter/linkResolver.cpp, line 766]
Event: 0.511 Thread 0x0000000137009a00 Exception <a 'java/lang/NoSuchMethodError'{0x0000000786450568}: 'java.lang.Object java.lang.invoke.DirectMethodHandle$Holder.invokeInterface(java.lang.Object, java.lang.Object, java.lang.Object)'> (0x0000000786450568) 
thrown [open/src/hotspot/share/interpreter/linkResolver.cpp, line 766]
Event: 0.511 Thread 0x0000000137009a00 Exception <a 'java/lang/IncompatibleClassChangeError'{0x0000000786453ef0}: Found class java.lang.Object, but interface was expected> (0x0000000786453ef0) 
thrown [open/src/hotspot/share/interpreter/linkResolver.cpp, line 833]
Event: 0.536 Thread 0x0000000137009a00 Exception <a 'java/lang/NoSuchMethodError'{0x000000078621cd48}: 'java.lang.Object java.lang.invoke.DirectMethodHandle$Holder.newInvokeSpecial(java.lang.Object, java.lang.Object, int)'> (0x000000078621cd48) 
thrown [open/src/hotspot/share/interpreter/linkResolver.cpp, line 766]
Event: 0.566 Thread 0x0000000146877000 Exception <a 'java/lang/NoSuchMethodError'{0x0000000786166ca0}: 'int java.lang.invoke.DirectMethodHandle$Holder.invokeStaticInit(java.lang.Object, java.lang.Object)'> (0x0000000786166ca0) 
thrown [open/src/hotspot/share/interpreter/linkResolver.cpp, line 766]
Event: 0.571 Thread 0x0000000137009a00 Exception <a 'java/lang/NoSuchMethodError'{0x00000007862704b0}: 'long java.lang.invoke.DirectMethodHandle$Holder.invokeStatic(java.lang.Object, java.lang.Object, java.lang.Object)'> (0x00000007862704b0) 
thrown [open/src/hotspot/share/interpreter/linkResolver.cpp, line 766]
Event: 0.571 Thread 0x0000000137009a00 Exception <a 'java/lang/NoSuchMethodError'{0x0000000786273c58}: 'long java.lang.invoke.DirectMethodHandle$Holder.invokeStaticInit(java.lang.Object, java.lang.Object, java.lang.Object)'> (0x0000000786273c58) 
thrown [open/src/hotspot/share/interpreter/linkResolver.cpp, line 766]
Event: 0.572 Thread 0x0000000137009a00 Exception <a 'java/lang/NoSuchMethodError'{0x0000000786006f38}: 'java.lang.Object java.lang.invoke.DirectMethodHandle$Holder.newInvokeSpecial(java.lang.Object, java.lang.Object, long)'> (0x0000000786006f38) 
thrown [open/src/hotspot/share/interpreter/linkResolver.cpp, line 766]
Event: 0.572 Thread 0x0000000137009a00 Exception <a 'java/lang/NoSuchMethodError'{0x000000078600a800}: 'java.lang.Object java.lang.invoke.Invokers$Holder.linkToTargetMethod(java.lang.Object, long, java.lang.Object)'> (0x000000078600a800) 
thrown [open/src/hotspot/share/interpreter/linkResolver.cpp, line 766]
Event: 1.179 Thread 0x0000000147a68200 Exception <a 'java/lang/NoSuchMethodError'{0x0000000785c8abf8}: 'java.lang.Object java.lang.invoke.DirectMethodHandle$Holder.invokeStaticInit(java.lang.Object, int)'> (0x0000000785c8abf8) 
thrown [open/src/hotspot/share/interpreter/linkResolver.cpp, line 766]

VM Operations (20 events):
Event: 30.285 Executing VM operation: Cleanup
Event: 30.286 Executing VM operation: Cleanup done
Event: 31.291 Executing VM operation: Cleanup
Event: 31.291 Executing VM operation: Cleanup done
Event: 32.296 Executing VM operation: Cleanup
Event: 32.296 Executing VM operation: Cleanup done
Event: 33.299 Executing VM operation: Cleanup
Event: 33.299 Executing VM operation: Cleanup done
Event: 34.304 Executing VM operation: Cleanup
Event: 34.304 Executing VM operation: Cleanup done
Event: 37.318 Executing VM operation: Cleanup
Event: 37.318 Executing VM operation: Cleanup done
Event: 38.321 Executing VM operation: Cleanup
Event: 38.321 Executing VM operation: Cleanup done
Event: 41.332 Executing VM operation: Cleanup
Event: 41.332 Executing VM operation: Cleanup done
Event: 42.337 Executing VM operation: Cleanup
Event: 42.337 Executing VM operation: Cleanup done
Event: 43.342 Executing VM operation: Cleanup
Event: 43.342 Executing VM operation: Cleanup done

Events (20 events):
Event: 1.181 loading class java/util/stream/Node$OfLong done
Event: 1.181 loading class java/util/stream/Nodes$EmptyNode$OfLong done
Event: 1.181 loading class java/util/stream/Nodes$EmptyNode$OfDouble
Event: 1.181 loading class java/util/stream/Node$OfDouble
Event: 1.181 loading class java/util/stream/Node$OfDouble done
Event: 1.181 loading class java/util/stream/Nodes$EmptyNode$OfDouble done
Event: 1.181 loading class java/util/stream/Nodes$FixedNodeBuilder
Event: 1.181 loading class java/util/stream/Node$Builder
Event: 1.181 loading class java/util/stream/Node$Builder done
Event: 1.181 loading class java/util/stream/Nodes$ArrayNode
Event: 1.182 loading class java/util/stream/Nodes$ArrayNode done
Event: 1.182 loading class java/util/stream/Nodes$FixedNodeBuilder done
Event: 1.182 loading class java/util/stream/SortedOps$SizedRefSortingSink
Event: 1.182 loading class java/util/stream/SortedOps$AbstractRefSortingSink
Event: 1.182 loading class java/util/stream/SortedOps$AbstractRefSortingSink done
Event: 1.182 loading class java/util/stream/SortedOps$SizedRefSortingSink done
Event: 1.182 loading class sun/util/resources/TimeZoneNames
Event: 1.183 loading class sun/util/resources/TimeZoneNames done
Event: 1.183 loading class sun/util/resources/TimeZoneNames_en
Event: 1.183 loading class sun/util/resources/TimeZoneNames_en done


Dynamic libraries:
0x00000001028c4000 	/Users/aleksandrefremov/Library/Java/JavaVirtualMachines/openjdk-17.0.1/Contents/Home/lib/libjli.dylib
0x00000001cc0be000 	/usr/lib/libz.1.dylib
0x00000001cc16e000 	/usr/lib/libSystem.B.dylib
0x00000001cc168000 	/usr/lib/system/libcache.dylib
0x00000001cc126000 	/usr/lib/system/libcommonCrypto.dylib
0x00000001cc14f000 	/usr/lib/system/libcompiler_rt.dylib
0x00000001cc146000 	/usr/lib/system/libcopyfile.dylib
0x00000001c1472000 	/usr/lib/system/libcorecrypto.dylib
0x00000001c1517000 	/usr/lib/system/libdispatch.dylib
0x00000001c16df000 	/usr/lib/system/libdyld.dylib
0x00000001cc15e000 	/usr/lib/system/libkeymgr.dylib
0x00000001cc108000 	/usr/lib/system/libmacho.dylib
0x00000001cb814000 	/usr/lib/system/libquarantine.dylib
0x00000001cc15b000 	/usr/lib/system/libremovefile.dylib
0x00000001c6861000 	/usr/lib/system/libsystem_asl.dylib
0x00000001c141c000 	/usr/lib/system/libsystem_blocks.dylib
0x00000001c159d000 	/usr/lib/system/libsystem_c.dylib
0x00000001cc153000 	/usr/lib/system/libsystem_collections.dylib
0x00000001cac71000 	/usr/lib/system/libsystem_configuration.dylib
0x00000001c9ef7000 	/usr/lib/system/libsystem_containermanager.dylib
0x00000001cbe72000 	/usr/lib/system/libsystem_coreservices.dylib
0x00000001c3e04000 	/usr/lib/system/libsystem_darwin.dylib
0x00000001cc15f000 	/usr/lib/system/libsystem_dnssd.dylib
0x00000001c159a000 	/usr/lib/system/libsystem_featureflags.dylib
0x00000001c16f4000 	/usr/lib/system/libsystem_info.dylib
0x00000001cc0d0000 	/usr/lib/system/libsystem_m.dylib
0x00000001c14ec000 	/usr/lib/system/libsystem_malloc.dylib
0x00000001c67f2000 	/usr/lib/system/libsystem_networkextension.dylib
0x00000001c4257000 	/usr/lib/system/libsystem_notify.dylib
0x00000001d233b000 	/usr/lib/system/libsystem_product_info_filter.dylib
0x00000001cac76000 	/usr/lib/system/libsystem_sandbox.dylib
0x00000001cc158000 	/usr/lib/system/libsystem_secinit.dylib
0x00000001c169c000 	/usr/lib/system/libsystem_kernel.dylib
0x00000001c16ec000 	/usr/lib/system/libsystem_platform.dylib
0x00000001c16d2000 	/usr/lib/system/libsystem_pthread.dylib
0x00000001c7f97000 	/usr/lib/system/libsystem_symptoms.dylib
0x00000001c1458000 	/usr/lib/system/libsystem_trace.dylib
0x00000001cc133000 	/usr/lib/system/libunwind.dylib
0x00000001c141e000 	/usr/lib/system/libxpc.dylib
0x00000001c1682000 	/usr/lib/libc++abi.dylib
0x00000001c155e000 	/usr/lib/libobjc.A.dylib
0x00000001cc13e000 	/usr/lib/liboah.dylib
0x00000001c161e000 	/usr/lib/libc++.1.dylib
0x00000001d7d18000 	/System/Library/Frameworks/Cocoa.framework/Versions/A/Cocoa
0x00000001c42b6000 	/System/Library/Frameworks/AppKit.framework/Versions/C/AppKit
0x00000001c77d8000 	/System/Library/Frameworks/CoreData.framework/Versions/A/CoreData
0x00000001c2617000 	/System/Library/Frameworks/Foundation.framework/Versions/C/Foundation
0x00000001c5168000 	/System/Library/PrivateFrameworks/UIFoundation.framework/Versions/A/UIFoundation
0x00000001d2035000 	/System/Library/PrivateFrameworks/RemoteViewServices.framework/Versions/A/RemoteViewServices
0x00000001ca630000 	/System/Library/PrivateFrameworks/XCTTargetBootstrap.framework/Versions/A/XCTTargetBootstrap
0x00000001cde70000 	/System/Library/PrivateFrameworks/InternationalSupport.framework/Versions/A/InternationalSupport
0x00000001cdef9000 	/System/Library/PrivateFrameworks/UserActivity.framework/Versions/A/UserActivity
0x00000001cd39b000 	/usr/lib/libspindump.dylib
0x00000001c53d8000 	/System/Library/Frameworks/UniformTypeIdentifiers.framework/Versions/A/UniformTypeIdentifiers
0x00000001c8bbe000 	/usr/lib/libapp_launch_measurement.dylib
0x00000001c813b000 	/System/Library/PrivateFrameworks/CoreAnalytics.framework/Versions/A/CoreAnalytics
0x00000001c8bc1000 	/System/Library/PrivateFrameworks/CoreAutoLayout.framework/Versions/A/CoreAutoLayout
0x00000001c9f34000 	/System/Library/Frameworks/Metal.framework/Versions/A/Metal
0x00000001cac81000 	/usr/lib/liblangid.dylib
0x00000001ca634000 	/System/Library/PrivateFrameworks/CoreSVG.framework/Versions/A/CoreSVG
0x00000001c6895000 	/System/Library/PrivateFrameworks/SkyLight.framework/Versions/A/SkyLight
0x00000001c6c5d000 	/System/Library/Frameworks/CoreGraphics.framework/Versions/A/CoreGraphics
0x00000001d26ae000 	/System/Library/Frameworks/Accelerate.framework/Versions/A/Accelerate
0x00000001cce10000 	/System/Library/PrivateFrameworks/IconServices.framework/Versions/A/IconServices
0x00000001c9f16000 	/System/Library/Frameworks/IOSurface.framework/Versions/A/IOSurface
0x00000001c816b000 	/usr/lib/libDiagnosticMessagesClient.dylib
0x00000001d5ae6000 	/System/Library/Frameworks/ApplicationServices.framework/Versions/A/ApplicationServices
0x00000001ca618000 	/System/Library/PrivateFrameworks/DFRFoundation.framework/Versions/A/DFRFoundation
0x00000001c3b59000 	/usr/lib/libicucore.A.dylib
0x00000001cec6d000 	/System/Library/Frameworks/AudioToolbox.framework/Versions/A/AudioToolbox
0x00000001cde7c000 	/System/Library/PrivateFrameworks/DataDetectorsCore.framework/Versions/A/DataDetectorsCore
0x00000001e3e98000 	/System/Library/PrivateFrameworks/TextInput.framework/Versions/A/TextInput
0x00000001c680c000 	/usr/lib/libMobileGestalt.dylib
0x00000001ca2e8000 	/System/Library/Frameworks/Carbon.framework/Versions/A/Frameworks/HIToolbox.framework/Versions/A/HIToolbox
0x00000001c85c8000 	/System/Library/Frameworks/QuartzCore.framework/Versions/A/QuartzCore
0x00000001c37d6000 	/System/Library/Frameworks/Security.framework/Versions/A/Security
0x00000001d2075000 	/System/Library/Frameworks/Carbon.framework/Versions/A/Frameworks/SpeechRecognition.framework/Versions/A/SpeechRecognition
0x00000001c8915000 	/System/Library/PrivateFrameworks/CoreUI.framework/Versions/A/CoreUI
0x00000001c30a9000 	/System/Library/Frameworks/CoreAudio.framework/Versions/A/CoreAudio
0x00000001c825b000 	/System/Library/Frameworks/DiskArbitration.framework/Versions/A/DiskArbitration
0x00000001cd783000 	/System/Library/PrivateFrameworks/MultitouchSupport.framework/Versions/A/MultitouchSupport
0x00000001c680a000 	/usr/lib/libenergytrace.dylib
0x00000001c4182000 	/System/Library/Frameworks/IOKit.framework/Versions/A/IOKit
0x00000001d245c000 	/System/Library/Frameworks/CoreServices.framework/Versions/A/CoreServices
0x00000001c8b4e000 	/System/Library/PrivateFrameworks/PerformanceAnalysis.framework/Versions/A/PerformanceAnalysis
0x00000002226bd000 	/System/Library/Frameworks/OpenGL.framework/Versions/A/OpenGL
0x00000001cb734000 	/System/Library/PrivateFrameworks/MobileKeyBag.framework/Versions/A/MobileKeyBag
0x00000001c726d000 	/System/Library/Frameworks/ColorSync.framework/Versions/A/ColorSync
0x00000001c1720000 	/System/Library/Frameworks/CoreFoundation.framework/Versions/A/CoreFoundation
0x00000001ca8b5000 	/System/Library/Frameworks/CoreImage.framework/Versions/A/CoreImage
0x00000001c2ecc000 	/System/Library/Frameworks/CoreText.framework/Versions/A/CoreText
0x00000001ca664000 	/System/Library/Frameworks/ImageIO.framework/Versions/A/ImageIO
0x00000001cc174000 	/System/Library/PrivateFrameworks/SoftLinking.framework/Versions/A/SoftLinking
0x00000001c8c0b000 	/usr/lib/libxml2.2.dylib
0x00000001cc40c000 	/usr/lib/libcompression.dylib
0x00000001cddc9000 	/System/Library/PrivateFrameworks/TextureIO.framework/Versions/A/TextureIO
0x00000001ccb2a000 	/usr/lib/libate.dylib
0x00000001cc9f2000 	/usr/lib/liblzma.5.dylib
0x00000001c2308000 	/System/Library/Frameworks/SystemConfiguration.framework/Versions/A/SystemConfiguration
0x00000001cc170000 	/usr/lib/libfakelink.dylib
0x00000001c633a000 	/System/Library/Frameworks/CFNetwork.framework/Versions/A/CFNetwork
0x00000001cc2b7000 	/usr/lib/libarchive.2.dylib
0x00000001cac7d000 	/System/Library/PrivateFrameworks/AppleSystemInfo.framework/Versions/A/AppleSystemInfo
0x00000001cb83e000 	/usr/lib/libbsm.0.dylib
0x00000001c5877000 	/usr/lib/libnetwork.dylib
0x00000001cc10e000 	/usr/lib/system/libkxld.dylib
0x00000001cb456000 	/System/Library/PrivateFrameworks/IOMobileFramebuffer.framework/Versions/A/IOMobileFramebuffer
0x000000023dfe8000 	/usr/lib/libCoreEntitlements.dylib
0x00000001cbe54000 	/System/Library/PrivateFrameworks/AppleFSCompression.framework/Versions/A/AppleFSCompression
0x00000001cb827000 	/usr/lib/libcoretls.dylib
0x00000001cca0b000 	/usr/lib/libcoretls_cfhelpers.dylib
0x00000001cc407000 	/usr/lib/libpam.2.dylib
0x00000001c7bbf000 	/usr/lib/libsqlite3.dylib
0x00000001cca73000 	/usr/lib/libxar.1.dylib
0x00000001cbe65000 	/usr/lib/libbz2.1.0.dylib
0x00000001cc175000 	/usr/lib/libpcap.A.dylib
0x00000001c7f8e000 	/usr/lib/libdns_services.dylib
0x00000001cc3da000 	/usr/lib/libapple_nghttp2.dylib
0x00000001cc1b2000 	/usr/lib/libiconv.2.dylib
0x00000001cc107000 	/usr/lib/libcharset.1.dylib
0x00000001c8b8a000 	/System/Library/Frameworks/CoreServices.framework/Versions/A/Frameworks/FSEvents.framework/Versions/A/FSEvents
0x00000001c3e0f000 	/System/Library/Frameworks/CoreServices.framework/Versions/A/Frameworks/CarbonCore.framework/Versions/A/CarbonCore
0x00000001c81be000 	/System/Library/Frameworks/CoreServices.framework/Versions/A/Frameworks/Metadata.framework/Versions/A/Metadata
0x00000001cbe78000 	/System/Library/Frameworks/CoreServices.framework/Versions/A/Frameworks/OSServices.framework/Versions/A/OSServices
0x00000001cc33c000 	/System/Library/Frameworks/CoreServices.framework/Versions/A/Frameworks/SearchKit.framework/Versions/A/SearchKit
0x00000001c7f1c000 	/System/Library/Frameworks/CoreServices.framework/Versions/A/Frameworks/AE.framework/Versions/A/AE
0x00000001c1c64000 	/System/Library/Frameworks/CoreServices.framework/Versions/A/Frameworks/LaunchServices.framework/Versions/A/LaunchServices
0x00000001cc99b000 	/System/Library/Frameworks/CoreServices.framework/Versions/A/Frameworks/DictionaryServices.framework/Versions/A/DictionaryServices
0x00000001c8b97000 	/System/Library/Frameworks/CoreServices.framework/Versions/A/Frameworks/SharedFileList.framework/Versions/A/SharedFileList
0x00000001cb817000 	/usr/lib/libCheckFix.dylib
0x00000001c6879000 	/System/Library/PrivateFrameworks/TCC.framework/Versions/A/TCC
0x00000001cac83000 	/System/Library/PrivateFrameworks/CoreNLP.framework/Versions/A/CoreNLP
0x00000001c816e000 	/System/Library/PrivateFrameworks/MetadataUtilities.framework/Versions/A/MetadataUtilities
0x00000001c23c1000 	/usr/lib/libmecabra.dylib
0x00000001cb84f000 	/usr/lib/libmecab.dylib
0x00000001c238d000 	/usr/lib/libCRFSuite.dylib
0x00000001cb8ad000 	/usr/lib/libgermantok.dylib
0x00000001cc3b3000 	/usr/lib/libThaiTokenizer.dylib
0x00000001c8263000 	/System/Library/Frameworks/Accelerate.framework/Versions/A/Frameworks/vImage.framework/Versions/A/vImage
0x00000001d2433000 	/System/Library/Frameworks/Accelerate.framework/Versions/A/Frameworks/vecLib.framework/Versions/A/vecLib
0x00000001ccab7000 	/System/Library/Frameworks/Accelerate.framework/Versions/A/Frameworks/vecLib.framework/Versions/A/libvMisc.dylib
0x00000001cb360000 	/System/Library/Frameworks/Accelerate.framework/Versions/A/Frameworks/vecLib.framework/Versions/A/libvDSP.dylib
0x00000001c1fe7000 	/System/Library/Frameworks/Accelerate.framework/Versions/A/Frameworks/vecLib.framework/Versions/A/libBLAS.dylib
0x00000001cc4db000 	/System/Library/Frameworks/Accelerate.framework/Versions/A/Frameworks/vecLib.framework/Versions/A/libLAPACK.dylib
0x00000001cb8b0000 	/System/Library/Frameworks/Accelerate.framework/Versions/A/Frameworks/vecLib.framework/Versions/A/libLinearAlgebra.dylib
0x00000001cc3f2000 	/System/Library/Frameworks/Accelerate.framework/Versions/A/Frameworks/vecLib.framework/Versions/A/libSparseBLAS.dylib
0x00000001cc4d6000 	/System/Library/Frameworks/Accelerate.framework/Versions/A/Frameworks/vecLib.framework/Versions/A/libQuadrature.dylib
0x00000001cad7a000 	/System/Library/Frameworks/Accelerate.framework/Versions/A/Frameworks/vecLib.framework/Versions/A/libBNNS.dylib
0x00000001c22a5000 	/System/Library/Frameworks/Accelerate.framework/Versions/A/Frameworks/vecLib.framework/Versions/A/libSparse.dylib
0x00000001cad72000 	/System/Library/PrivateFrameworks/LinguisticData.framework/Versions/A/LinguisticData
0x00000001c225b000 	/System/Library/PrivateFrameworks/Lexicon.framework/Versions/A/Lexicon
0x00000001ccaaf000 	/usr/lib/libChineseTokenizer.dylib
0x00000001c2a05000 	/System/Library/PrivateFrameworks/LanguageModeling.framework/Versions/A/LanguageModeling
0x00000001cc3b5000 	/System/Library/PrivateFrameworks/AppleSauce.framework/Versions/A/AppleSauce
0x00000001cb443000 	/System/Library/PrivateFrameworks/CoreEmoji.framework/Versions/A/CoreEmoji
0x00000001cc2a5000 	/usr/lib/libcmph.dylib
0x00000001c8b6a000 	/System/Library/Frameworks/OpenDirectory.framework/Versions/A/Frameworks/CFOpenDirectory.framework/Versions/A/CFOpenDirectory
0x00000001c8b5a000 	/System/Library/Frameworks/OpenDirectory.framework/Versions/A/OpenDirectory
0x00000001cca0d000 	/System/Library/PrivateFrameworks/APFS.framework/Versions/A/APFS
0x00000001cb76f000 	/System/Library/Frameworks/SecurityFoundation.framework/Versions/A/SecurityFoundation
0x00000001cca81000 	/usr/lib/libutil.dylib
0x00000001c4144000 	/System/Library/PrivateFrameworks/CoreServicesStore.framework/Versions/A/CoreServicesStore
0x00000001cca85000 	/usr/lib/libxslt.1.dylib
0x00000001cb803000 	/System/Library/PrivateFrameworks/BackgroundTaskManagement.framework/Versions/A/BackgroundTaskManagement
0x00000001cdcea000 	/System/Library/Frameworks/ImageIO.framework/Versions/A/Resources/libRadiance.dylib
0x00000001cdcf3000 	/System/Library/Frameworks/ImageIO.framework/Versions/A/Resources/libJPEG.dylib
0x00000001cdc45000 	/System/Library/Frameworks/ImageIO.framework/Versions/A/Resources/libPng.dylib
0x00000001cdc67000 	/System/Library/Frameworks/ImageIO.framework/Versions/A/Resources/libTIFF.dylib
0x00000001cdd4e000 	/System/Library/Frameworks/ImageIO.framework/Versions/A/Resources/libGIF.dylib
0x00000001cd693000 	/System/Library/Frameworks/ImageIO.framework/Versions/A/Resources/libJP2.dylib
0x00000001ccdd6000 	/usr/lib/libexpat.1.dylib
0x00000001cd64e000 	/System/Library/PrivateFrameworks/AppleJPEG.framework/Versions/A/AppleJPEG
0x00000001ca1a7000 	/System/Library/PrivateFrameworks/FontServices.framework/libFontParser.dylib
0x00000001c7ec1000 	/System/Library/PrivateFrameworks/RunningBoardServices.framework/Versions/A/RunningBoardServices
0x00000001d8383000 	/System/Library/PrivateFrameworks/IOSurfaceAccelerator.framework/Versions/A/IOSurfaceAccelerator
0x00000001cd77f000 	/System/Library/PrivateFrameworks/WatchdogClient.framework/Versions/A/WatchdogClient
0x00000001c2b09000 	/System/Library/Frameworks/CoreDisplay.framework/Versions/A/CoreDisplay
0x00000001ca096000 	/System/Library/Frameworks/CoreMedia.framework/Versions/A/CoreMedia
0x00000001c9f2a000 	/System/Library/PrivateFrameworks/IOAccelerator.framework/Versions/A/IOAccelerator
0x00000001c8cf8000 	/System/Library/Frameworks/CoreVideo.framework/Versions/A/CoreVideo
0x00000001cc405000 	/System/Library/Frameworks/MetalPerformanceShaders.framework/Versions/A/MetalPerformanceShaders
0x00000001cd7bc000 	/System/Library/Frameworks/VideoToolbox.framework/Versions/A/VideoToolbox
0x00000001c7e05000 	/System/Library/PrivateFrameworks/BaseBoard.framework/Versions/A/BaseBoard
0x00000001c7ba4000 	/System/Library/PrivateFrameworks/ProtocolBuffer.framework/Versions/A/ProtocolBuffer
0x00000001cdce5000 	/System/Library/PrivateFrameworks/GPUWrangler.framework/Versions/A/GPUWrangler
0x00000001cdcc4000 	/System/Library/PrivateFrameworks/IOPresentment.framework/Versions/A/IOPresentment
0x00000001cdced000 	/System/Library/PrivateFrameworks/DSExternalDisplay.framework/Versions/A/DSExternalDisplay
0x00000002226b0000 	/System/Library/Frameworks/OpenGL.framework/Versions/A/Libraries/libCoreFSCache.dylib
0x000000022bdca000 	/System/Library/PrivateFrameworks/GPUCompiler.framework/Versions/31001/Libraries/libGPUCompilerUtils.dylib
0x00000001cdd53000 	/System/Library/PrivateFrameworks/CMCaptureCore.framework/Versions/A/CMCaptureCore
0x00000001cd389000 	/System/Library/PrivateFrameworks/AppServerSupport.framework/Versions/A/AppServerSupport
0x00000001cf528000 	/System/Library/PrivateFrameworks/perfdata.framework/Versions/A/perfdata
0x00000001c2c29000 	/System/Library/PrivateFrameworks/AudioToolboxCore.framework/Versions/A/AudioToolboxCore
0x00000001ca06e000 	/System/Library/PrivateFrameworks/caulk.framework/Versions/A/caulk
0x00000001cee1d000 	/usr/lib/libAudioStatistics.dylib
0x00000001e0636000 	/System/Library/PrivateFrameworks/SystemPolicy.framework/Versions/A/SystemPolicy
0x00000001cf07d000 	/usr/lib/libSMC.dylib
0x00000001d7bfa000 	/System/Library/Frameworks/CoreMIDI.framework/Versions/A/CoreMIDI
0x00000001cdc13000 	/usr/lib/libAudioToolboxUtility.dylib
0x00000001dcadc000 	/System/Library/PrivateFrameworks/OSAServicesClient.framework/Versions/A/OSAServicesClient
0x00000001cf535000 	/usr/lib/libperfcheck.dylib
0x00000001e1139000 	/usr/lib/libmis.dylib
0x0000000222711000 	/System/Library/Frameworks/OpenGL.framework/Versions/A/Libraries/libGLU.dylib
0x00000002226d0000 	/System/Library/Frameworks/OpenGL.framework/Versions/A/Libraries/libGFXShared.dylib
0x00000002228ba000 	/System/Library/Frameworks/OpenGL.framework/Versions/A/Libraries/libGL.dylib
0x00000002226d9000 	/System/Library/Frameworks/OpenGL.framework/Versions/A/Libraries/libGLImage.dylib
0x00000002226cd000 	/System/Library/Frameworks/OpenGL.framework/Versions/A/Libraries/libCVMSPluginSupport.dylib
0x00000002226b7000 	/System/Library/Frameworks/OpenGL.framework/Versions/A/Libraries/libCoreVMClient.dylib
0x00000001cabff000 	/System/Library/Frameworks/MetalPerformanceShaders.framework/Versions/A/Frameworks/MPSCore.framework/Versions/A/MPSCore
0x00000001cbdc7000 	/System/Library/Frameworks/MetalPerformanceShaders.framework/Versions/A/Frameworks/MPSImage.framework/Versions/A/MPSImage
0x00000001cb8c5000 	/System/Library/Frameworks/MetalPerformanceShaders.framework/Versions/A/Frameworks/MPSNeuralNetwork.framework/Versions/A/MPSNeuralNetwork
0x00000001cbd02000 	/System/Library/Frameworks/MetalPerformanceShaders.framework/Versions/A/Frameworks/MPSMatrix.framework/Versions/A/MPSMatrix
0x00000001cbadd000 	/System/Library/Frameworks/MetalPerformanceShaders.framework/Versions/A/Frameworks/MPSRayIntersector.framework/Versions/A/MPSRayIntersector
0x00000001cbd33000 	/System/Library/Frameworks/MetalPerformanceShaders.framework/Versions/A/Frameworks/MPSNDArray.framework/Versions/A/MPSNDArray
0x00000002243cc000 	/System/Library/Frameworks/MetalPerformanceShaders.framework/Versions/A/Frameworks/MPSFunctions.framework/Versions/A/MPSFunctions
0x00000001c1ec5000 	/System/Library/PrivateFrameworks/MetalTools.framework/Versions/A/MetalTools
0x00000001cac7b000 	/System/Library/PrivateFrameworks/AggregateDictionary.framework/Versions/A/AggregateDictionary
0x00000001ccbbc000 	/usr/lib/libIOReport.dylib
0x00000001d6be8000 	/System/Library/PrivateFrameworks/ASEProcessing.framework/Versions/A/ASEProcessing
0x00000001ccf2e000 	/System/Library/PrivateFrameworks/FaceCore.framework/Versions/A/FaceCore
0x00000001ccf20000 	/System/Library/PrivateFrameworks/GraphVisualizer.framework/Versions/A/GraphVisualizer
0x000000022bce1000 	/System/Library/PrivateFrameworks/FontServices.framework/Versions/A/FontServices
0x00000001cd343000 	/System/Library/PrivateFrameworks/OTSVG.framework/Versions/A/OTSVG
0x00000001c88c6000 	/System/Library/Frameworks/ApplicationServices.framework/Versions/A/Frameworks/ATS.framework/Versions/A/Resources/libFontRegistry.dylib
0x00000001cd392000 	/System/Library/PrivateFrameworks/FontServices.framework/libhvf.dylib
0x000000022bce2000 	/System/Library/PrivateFrameworks/FontServices.framework/libXTFontStaticRegistryData.dylib
0x0000000222a5c000 	/System/Library/Frameworks/OpenCL.framework/Versions/A/OpenCL
0x00000001ccd8a000 	/System/Library/PrivateFrameworks/AppleVA.framework/Versions/A/AppleVA
0x00000001cee45000 	/System/Library/Frameworks/ApplicationServices.framework/Versions/A/Frameworks/ATS.framework/Versions/A/ATS
0x00000001c736a000 	/System/Library/Frameworks/ApplicationServices.framework/Versions/A/Frameworks/HIServices.framework/Versions/A/HIServices
0x00000001cdd5d000 	/System/Library/Frameworks/ApplicationServices.framework/Versions/A/Frameworks/PrintCore.framework/Versions/A/PrintCore
0x00000001cf1d0000 	/System/Library/Frameworks/ApplicationServices.framework/Versions/A/Frameworks/QD.framework/Versions/A/QD
0x00000001cf1c8000 	/System/Library/Frameworks/ApplicationServices.framework/Versions/A/Frameworks/ColorSyncLegacy.framework/Versions/A/ColorSyncLegacy
0x00000001cee31000 	/System/Library/Frameworks/ApplicationServices.framework/Versions/A/Frameworks/SpeechSynthesis.framework/Versions/A/SpeechSynthesis
0x00000001cdd1e000 	/System/Library/Frameworks/ApplicationServices.framework/Versions/A/Frameworks/ATSUI.framework/Versions/A/ATSUI
0x00000001cf15d000 	/usr/lib/libcups.2.dylib
0x00000001cf543000 	/System/Library/Frameworks/Kerberos.framework/Versions/A/Kerberos
0x00000001cf554000 	/System/Library/Frameworks/GSS.framework/Versions/A/GSS
0x00000001ceeb4000 	/usr/lib/libresolv.9.dylib
0x00000001cd3a0000 	/System/Library/PrivateFrameworks/Heimdal.framework/Versions/A/Heimdal
0x00000001d5e5c000 	/System/Library/Frameworks/Kerberos.framework/Versions/A/Libraries/libHeimdalProxy.dylib
0x00000001c7fa0000 	/System/Library/Frameworks/Network.framework/Versions/A/Network
0x00000001ccdf1000 	/usr/lib/libheimdal-asn1.dylib
0x00000001cf59a000 	/System/Library/PrivateFrameworks/CommonAuth.framework/Versions/A/CommonAuth
0x00000001cedab000 	/System/Library/PrivateFrameworks/AudioSession.framework/Versions/A/AudioSession
0x00000001cce82000 	/System/Library/PrivateFrameworks/MediaExperience.framework/Versions/A/MediaExperience
0x00000001cec33000 	/System/Library/PrivateFrameworks/AudioSession.framework/libSessionUtility.dylib
0x00000001cf1dc000 	/System/Library/PrivateFrameworks/AudioResourceArbitration.framework/Versions/A/AudioResourceArbitration
0x00000001ccdfa000 	/System/Library/PrivateFrameworks/IconFoundation.framework/Versions/A/IconFoundation
0x00000001d2061000 	/System/Library/PrivateFrameworks/SpeechRecognitionCore.framework/Versions/A/SpeechRecognitionCore
0x000000010292c000 	/System/Library/CoreServices/Encodings/libCyrillicConverter.dylib
0x0000000103adc000 	/Users/aleksandrefremov/Library/Java/JavaVirtualMachines/openjdk-17.0.1/Contents/Home/lib/server/libjvm.dylib
0x0000000102938000 	/Users/aleksandrefremov/Library/Java/JavaVirtualMachines/openjdk-17.0.1/Contents/Home/lib/libjimage.dylib
0x0000000102964000 	/Users/aleksandrefremov/Library/Java/JavaVirtualMachines/openjdk-17.0.1/Contents/Home/lib/libinstrument.dylib
0x00000001029b0000 	/Users/aleksandrefremov/Library/Java/JavaVirtualMachines/openjdk-17.0.1/Contents/Home/lib/libjava.dylib
0x000000010392c000 	/Users/aleksandrefremov/Library/Java/JavaVirtualMachines/openjdk-17.0.1/Contents/Home/lib/libnio.dylib
0x000000010394c000 	/Users/aleksandrefremov/Library/Java/JavaVirtualMachines/openjdk-17.0.1/Contents/Home/lib/libnet.dylib
0x0000000102994000 	/Users/aleksandrefremov/Library/Java/JavaVirtualMachines/openjdk-17.0.1/Contents/Home/lib/libzip.dylib
0x0000000102b10000 	/Users/aleksandrefremov/.openjfx/cache/17.0.1/libprism_es2.dylib
0x00000001c4107000 	/System/Library/PrivateFrameworks/CoreServicesInternal.framework/Versions/A/CoreServicesInternal
0x00000002228c4000 	/System/Library/Frameworks/OpenGL.framework/Versions/A/Resources/GLEngine.bundle/GLEngine
0x000000022274b000 	/System/Library/Frameworks/OpenGL.framework/Versions/A/Libraries/libGLProgrammability.dylib
0x0000000103a1c000 	/System/Library/Extensions/AppleMetalOpenGLRenderer.bundle/Contents/MacOS/AppleMetalOpenGLRenderer
0x0000000222a33000 	/System/Library/Frameworks/OpenGL.framework/Versions/A/Resources/GLRendererFloat.bundle/GLRendererFloat
0x0000000222ad4000 	/System/Library/Extensions/AGXMetal13_3.bundle/Contents/MacOS/AGXMetal13_3
0x00000001e1155000 	/System/Library/PrivateFrameworks/GPURawCounter.framework/Versions/A/GPURawCounter
0x00000001dbc2a000 	/System/Library/PrivateFrameworks/IOGPU.framework/Versions/A/IOGPU
0x0000000121278000 	/Users/aleksandrefremov/.openjfx/cache/17.0.1/libglass.dylib
0x00000001d3501000 	/System/Library/Frameworks/FileProvider.framework/Versions/A/FileProvider
0x00000001c7d6d000 	/System/Library/Frameworks/Accounts.framework/Versions/A/Accounts
0x00000001d3681000 	/System/Library/PrivateFrameworks/GenerationalStorage.framework/Versions/A/GenerationalStorage
0x00000001d4231000 	/System/Library/PrivateFrameworks/CoreSymbolication.framework/Versions/A/CoreSymbolication
0x00000001d32a1000 	/System/Library/PrivateFrameworks/SymptomDiagnosticReporter.framework/Versions/A/SymptomDiagnosticReporter
0x00000001c53ec000 	/System/Library/PrivateFrameworks/DesktopServicesPriv.framework/Versions/A/DesktopServicesPriv
0x00000001c4266000 	/usr/lib/libsandbox.1.dylib
0x00000001c8d84000 	/System/Library/PrivateFrameworks/UserManagement.framework/Versions/A/UserManagement
0x00000001d41f2000 	/System/Library/PrivateFrameworks/DebugSymbols.framework/Versions/A/DebugSymbols
0x00000001cf1bb000 	/System/Library/PrivateFrameworks/NetAuth.framework/Versions/A/NetAuth
0x00000001d00b9000 	/System/Library/PrivateFrameworks/Sharing.framework/Versions/A/Sharing
0x00000001c8d54000 	/System/Library/PrivateFrameworks/login.framework/Versions/A/Frameworks/loginsupport.framework/Versions/A/loginsupport
0x00000001d53a2000 	/System/Library/PrivateFrameworks/Apple80211.framework/Versions/A/Apple80211
0x00000001cbeab000 	/System/Library/PrivateFrameworks/AuthKit.framework/Versions/A/AuthKit
0x00000001cb542000 	/System/Library/PrivateFrameworks/CoreUtils.framework/Versions/A/CoreUtils
0x00000001cb462000 	/System/Library/Frameworks/CoreWLAN.framework/Versions/A/CoreWLAN
0x00000001d0222000 	/System/Library/Frameworks/IOBluetooth.framework/Versions/A/IOBluetooth
0x00000001d5402000 	/System/Library/PrivateFrameworks/CoreWiFi.framework/Versions/A/CoreWiFi
0x00000001d3dd9000 	/System/Library/PrivateFrameworks/FrontBoardServices.framework/Versions/A/FrontBoardServices
0x00000001d3e71000 	/System/Library/PrivateFrameworks/BoardServices.framework/Versions/A/BoardServices
0x00000001cb75d000 	/System/Library/PrivateFrameworks/AssertionServices.framework/Versions/A/AssertionServices
0x00000001d5570000 	/System/Library/PrivateFrameworks/BackBoardServices.framework/Versions/A/BackBoardServices
0x00000001cf62d000 	/System/Library/PrivateFrameworks/CorePhoneNumbers.framework/Versions/A/CorePhoneNumbers
0x00000001d33d1000 	/System/Library/PrivateFrameworks/DiskManagement.framework/Versions/A/DiskManagement
0x00000001d32d4000 	/System/Library/PrivateFrameworks/AppleIDAuthSupport.framework/Versions/A/AppleIDAuthSupport
0x0000000226665000 	/System/Library/PrivateFrameworks/AAAFoundation.framework/Versions/A/AAAFoundation
0x00000001cf60c000 	/System/Library/PrivateFrameworks/KeychainCircle.framework/Versions/A/KeychainCircle
0x00000001d339d000 	/System/Library/PrivateFrameworks/MediaKit.framework/Versions/A/MediaKit
0x00000001d32e1000 	/System/Library/Frameworks/DiscRecording.framework/Versions/A/DiscRecording
0x00000001ccd06000 	/usr/lib/libCoreStorage.dylib
0x00000001d586a000 	/usr/lib/libcsfde.dylib
0x00000001d02f7000 	/System/Library/PrivateFrameworks/ProtectedCloudStorage.framework/Versions/A/ProtectedCloudStorage
0x00000001d5862000 	/System/Library/PrivateFrameworks/EFILogin.framework/Versions/A/EFILogin
0x00000001d36a8000 	/System/Library/PrivateFrameworks/OctagonTrust.framework/Versions/A/OctagonTrust
0x000000022af4c000 	/System/Library/PrivateFrameworks/CoreUtilsExtras.framework/Versions/A/CoreUtilsExtras
0x00000001d3213000 	/System/Library/Frameworks/CoreBluetooth.framework/Versions/A/CoreBluetooth
0x00000001d5ee1000 	/System/Library/Frameworks/AudioUnit.framework/Versions/A/AudioUnit
0x00000001cccfe000 	/usr/lib/libMatch.1.dylib
0x00000001e53bc000 	/System/Library/Frameworks/Accelerate.framework/Versions/A/Frameworks/vImage.framework/Versions/A/Libraries/libCGInterfaces.dylib
0x0000000123fe8000 	/usr/lib/libobjc-trampolines.dylib
0x00000001c8a52000 	/System/Library/PrivateFrameworks/ViewBridge.framework/Versions/A/ViewBridge
0x0000000127700000 	/Users/aleksandrefremov/.openjfx/cache/17.0.1/libjavafx_font.dylib
0x00000001cd44e000 	/System/Library/PrivateFrameworks/login.framework/Versions/A/login
0x000000023e162000 	/usr/lib/libRosetta.dylib


VM Arguments:
jvm_args: -Djava.library.path=/Users/aleksandrefremov/Desktop/javafx-sdk-17.0.1/lib -javaagent:/Applications/IntelliJ IDEA CE.app/Contents/lib/idea_rt.jar=55320:/Applications/IntelliJ IDEA CE.app/Contents/bin -Dfile.encoding=UTF-8 --module-path=/Users/aleksandrefremov/.m2/repository/org/openjfx/javafx-fxml/17.0.1/javafx-fxml-17.0.1-mac-aarch64.jar:/Users/aleksandrefremov/Desktop/javafx-sdk-17.0.1/lib/javafx.fxml.jar:/Users/aleksandrefremov/.m2/repository/org/openjfx/javafx-base/17.0.1/javafx-base-17.0.1-mac-aarch64.jar:/Users/aleksandrefremov/Desktop/javafx-sdk-17.0.1/lib/javafx.base.jar:/Users/aleksandrefremov/.m2/repository/org/openjfx/javafx-graphics/17.0.1/javafx-graphics-17.0.1-mac-aarch64.jar:/Users/aleksandrefremov/Desktop/javafx-sdk-17.0.1/lib/javafx.graphics.jar:/Users/aleksandrefremov/.m2/repository/org/openjfx/javafx-controls/17.0.1/javafx-controls-17.0.1-mac-aarch64.jar:/Users/aleksandrefremov/Desktop/javafx-sdk-17.0.1/lib/javafx.controls.jar:/Users/aleksandrefremov/Desktop/KURS/target/classes -Djdk.module.main=com.example.kurs 
java_command: com.example.kurs/com.example.kurs.HelloApplication
java_class_path (initial): /Users/aleksandrefremov/.m2/repository/org/openjfx/javafx-controls/17.0.1/javafx-controls-17.0.1.jar:/Users/aleksandrefremov/.m2/repository/org/openjfx/javafx-graphics/17.0.1/javafx-graphics-17.0.1.jar:/Users/aleksandrefremov/.m2/repository/org/openjfx/javafx-base/17.0.1/javafx-base-17.0.1.jar:/Users/aleksandrefremov/.m2/repository/org/openjfx/javafx-fxml/17.0.1/javafx-fxml-17.0.1.jar:/Users/aleksandrefremov/Desktop/javafx-sdk-17.0.1/lib/javafx-swt.jar:/Users/aleksandrefremov/Desktop/javafx-sdk-17.0.1/lib/javafx.web.jar:/Users/aleksandrefremov/Desktop/javafx-sdk-17.0.1/lib/javafx.media.jar:/Users/aleksandrefremov/Desktop/javafx-sdk-17.0.1/lib/javafx.swing.jar
Launcher Type: SUN_STANDARD

[Global flags]
     intx CICompilerCount                          = 4                                         {product} {ergonomic}
     uint ConcGCThreads                            = 2                                         {product} {ergonomic}
     uint G1ConcRefinementThreads                  = 8                                         {product} {ergonomic}
   size_t G1HeapRegionSize                         = 1048576                                   {product} {ergonomic}
    uintx GCDrainStackTargetSize                   = 64                                        {product} {ergonomic}
   size_t InitialHeapSize                          = 134217728                                 {product} {ergonomic}
   size_t MarkStackSize                            = 4194304                                   {product} {ergonomic}
   size_t MaxHeapSize                              = 2147483648                                {product} {ergonomic}
   size_t MaxNewSize                               = 1287651328                                {product} {ergonomic}
   size_t MinHeapDeltaBytes                        = 1048576                                   {product} {ergonomic}
   size_t MinHeapSize                              = 8388608                                   {product} {ergonomic}
    uintx NonNMethodCodeHeapSize                   = 5839564                                {pd product} {ergonomic}
    uintx NonProfiledCodeHeapSize                  = 122909338                              {pd product} {ergonomic}
    uintx ProfiledCodeHeapSize                     = 122909338                              {pd product} {ergonomic}
    uintx ReservedCodeCacheSize                    = 251658240                              {pd product} {ergonomic}
     bool SegmentedCodeCache                       = true                                      {product} {ergonomic}
   size_t SoftMaxHeapSize                          = 2147483648                             {manageable} {ergonomic}
     bool UseCompressedClassPointers               = true                           {product lp64_product} {ergonomic}
     bool UseCompressedOops                        = true                           {product lp64_product} {ergonomic}
     bool UseG1GC                                  = true                                      {product} {ergonomic}
     bool UseNUMA                                  = false                                     {product} {ergonomic}
     bool UseNUMAInterleaving                      = false                                     {product} {ergonomic}

Logging:
Log output configuration:
 #0: stdout all=warning uptime,level,tags
 #1: stderr all=off uptime,level,tags

Environment Variables:
PATH=/Users/aleksandrefremov/opt/anaconda3/bin:/Users/aleksandrefremov/opt/anaconda3/condabin:/Library/Frameworks/Python.framework/Versions/3.10/bin:/usr/local/bin:/usr/bin:/bin:/usr/sbin:/sbin:/usr/local/share/dotnet:~/.dotnet/tools:/Library/Frameworks/Mono.framework/Versions/Current/Commands
SHELL=/bin/zsh
LC_CTYPE=ru_RU.UTF-8

Signal Handlers:
   SIGSEGV: _ZL13crash_handleriP9__siginfoPv in libjvm.dylib, mask=11100110000111110111111111111111, flags=SA_RESTART|SA_SIGINFO
    SIGBUS: _ZL13crash_handleriP9__siginfoPv in libjvm.dylib, mask=11100110000111110111111111111111, flags=SA_RESTART|SA_SIGINFO
    SIGFPE: _ZL13crash_handleriP9__siginfoPv in libjvm.dylib, mask=11100110000111110111111111111111, flags=SA_RESTART|SA_SIGINFO
   SIGPIPE: _ZL17javaSignalHandleriP9__siginfoPv in libjvm.dylib, mask=11100110000111110111111111111111, flags=SA_RESTART|SA_SIGINFO
   SIGXFSZ: _ZL17javaSignalHandleriP9__siginfoPv in libjvm.dylib, mask=11100110000111110111111111111111, flags=SA_RESTART|SA_SIGINFO
    SIGILL: _ZL13crash_handleriP9__siginfoPv in libjvm.dylib, mask=11100110000111110111111111111111, flags=SA_RESTART|SA_SIGINFO
   SIGUSR2: _ZL10SR_handleriP9__siginfoP17__darwin_ucontext in libjvm.dylib, mask=00100000000000000000000000000000, flags=SA_RESTART|SA_SIGINFO
    SIGHUP: _ZL11UserHandleriPvS_ in libjvm.dylib, mask=11100110000111110111111111111111, flags=SA_RESTART|SA_SIGINFO
    SIGINT: _ZL11UserHandleriPvS_ in libjvm.dylib, mask=11100110000111110111111111111111, flags=SA_RESTART|SA_SIGINFO
   SIGTERM: _ZL11UserHandleriPvS_ in libjvm.dylib, mask=11100110000111110111111111111111, flags=SA_RESTART|SA_SIGINFO
   SIGQUIT: _ZL11UserHandleriPvS_ in libjvm.dylib, mask=11100110000111110111111111111111, flags=SA_RESTART|SA_SIGINFO
   SIGTRAP: _ZL13crash_handleriP9__siginfoPv in libjvm.dylib, mask=11100110000111110111111111111111, flags=SA_RESTART|SA_SIGINFO


---------------  S Y S T E M  ---------------

OS:
uname: Darwin 21.1.0 Darwin Kernel Version 21.1.0: Wed Oct 13 17:33:24 PDT 2021; root:xnu-8019.41.5~1/RELEASE_ARM64_T8101 arm64
OS uptime: 1 days 6:24 hours
rlimit (soft/hard): STACK 8176k/65520k , CORE 0k/infinity , NPROC 1333/2000 , NOFILE 10240/infinity , AS infinity/infinity , CPU infinity/infinity , DATA infinity/infinity , FSIZE infinity/infinity , MEMLOCK infinity/infinity , RSS infinity/infinity
load average: 1.57 1.66 1.66

CPU: total 8 (initial active 8) 0x61:0x0:0x1b588bb3:0, fp, simd, crc, lse

Memory: 16k page, physical 8388608k(136192k free), swap 1048576k(979200k free)

vm_info: OpenJDK 64-Bit Server VM (17.0.1+12-39) for bsd-aarch64 JRE (17.0.1+12-39), built on Sep 27 2021 17:36:05 by "mach5one" with clang Apple LLVM 12.0.0 (clang-1200.0.32.29)

END.
